<!DOCTYPE html PUBLIC "-//W3C//DTD XHTML 1.1//EN" "http://www.w3.org/TR/xhtml11/DTD/xhtml11.dtd">
<html xmlns="http://www.w3.org/1999/xhtml"><head><title>TestNG Report</title><style type="text/css">table {margin-bottom:10px;border-collapse:collapse;empty-cells:show}th,td {border:1px solid #009;padding:.25em .5em}th {vertical-align:bottom}td {vertical-align:top}table a {font-weight:bold}.stripe td {background-color: #E6EBF9}.num {text-align:right}.passedodd td {background-color: #3F3}.passedeven td {background-color: #0A0}.skippedodd td {background-color: #DDD}.skippedeven td {background-color: #CCC}.failedodd td,.attn {background-color: #F33}.failedeven td,.stripe .attn {background-color: #D00}.stacktrace {white-space:pre;font-family:monospace}.totop {font-size:85%;text-align:center;border-bottom:2px solid #000}</style></head><body><table><tr><th>Test</th><th># Passed</th><th># Skipped</th><th># Failed</th><th>Time (ms)</th><th>Included Groups</th><th>Excluded Groups</th></tr><tr><th colspan="7">BDD Test Suite</th></tr><tr><td><a href="#t0">Express VPN Test</a></td><td class="num">7</td><td class="num">0</td><td class="num attn">7</td><td class="num">147,927</td><td></td><td></td></tr></table><table><thead><tr><th>Class</th><th>Method</th><th>Start</th><th>Time (ms)</th></tr></thead><tbody><tr><th colspan="4">BDD Test Suite</th></tr></tbody><tbody id="t0"><tr><th colspan="4">Express VPN Test &#8212; failed</th></tr><tr class="failedeven"><td rowspan="7">runner.WebRunner</td><td><a href="#m0">runScenario</a></td><td rowspan="7">1641127253457</td><td rowspan="7">7588</td></tr><tr class="failedeven"><td><a href="#m1">runScenario</a></td></tr><tr class="failedeven"><td><a href="#m2">runScenario</a></td></tr><tr class="failedeven"><td><a href="#m3">runScenario</a></td></tr><tr class="failedeven"><td><a href="#m4">runScenario</a></td></tr><tr class="failedeven"><td><a href="#m5">runScenario</a></td></tr><tr class="failedeven"><td><a href="#m6">runScenario</a></td></tr><tr><th colspan="4">Express VPN Test &#8212; passed</th></tr><tr class="passedeven"><td rowspan="7">runner.WebRunner</td><td><a href="#m7">runScenario</a></td><td rowspan="7">1641127334822</td><td rowspan="7">6847</td></tr><tr class="passedeven"><td><a href="#m8">runScenario</a></td></tr><tr class="passedeven"><td><a href="#m9">runScenario</a></td></tr><tr class="passedeven"><td><a href="#m10">runScenario</a></td></tr><tr class="passedeven"><td><a href="#m11">runScenario</a></td></tr><tr class="passedeven"><td><a href="#m12">runScenario</a></td></tr><tr class="passedeven"><td><a href="#m13">runScenario</a></td></tr></tbody></table><h2>Express VPN Test</h2><h3 id="m0">runner.WebRunner#runScenario</h3><table class="result"><tr class="param"><th>Parameter #1</th><th>Parameter #2</th></tr><tr class="param stripe"><td>&quot;Verify no fill Validation message for PayPal&quot;</td><td>&quot;De&quot;</td></tr><tr><th colspan="2">Messages</th></tr><tr><td colspan="2"><div class="messages">&lt;div &quot;result&quot;&gt;User open order page with &amp;quot;de&amp;quot; Language (PASSED : 7s)&lt;/div&gt;<br/>&lt;div &quot;result&quot;&gt;User scroll down the page to &amp;quot;PayPal&amp;quot; payment type (PASSED : 0s)&lt;/div&gt;<br/>&lt;div &quot;result&quot;&gt;User select &amp;quot;PayPal&amp;quot; payment type (PASSED : 0s)&lt;/div&gt;<br/>&lt;div &quot;result&quot;&gt;User should able to see &amp;quot;Weiter zu PayPal&amp;quot; button (PASSED : 0s)&lt;/div&gt;<br/>&lt;div &quot;result&quot;&gt;User click on &amp;quot;Weiter zu PayPal&amp;quot; button (FAILED : 0s)&lt;/div&gt;<br/>&lt;div &quot;result&quot;&gt;User should able to see no fill error for email (SKIPPED)&lt;/div&gt;</div></td></tr><tr><th colspan="2">Exception</th></tr><tr><td colspan="2"><div class="stacktrace">org.openqa.selenium.ElementNotInteractableException: element not interactable
  (Session info: chrome=96.0.4664.110)
Build info: version: &apos;3.13.0&apos;, revision: &apos;2f0d292&apos;, time: &apos;2018-06-25T15:24:21.231Z&apos;
System info: host: &apos;L1123.local&apos;, ip: &apos;fe80:0:0:0:d8:e797:8e2b:ab6%en0&apos;, os.name: &apos;Mac OS X&apos;, os.arch: &apos;x86_64&apos;, os.version: &apos;10.16&apos;, java.version: &apos;1.8.0_275&apos;
Driver info: org.openqa.selenium.chrome.ChromeDriver
Capabilities {acceptInsecureCerts: false, browserName: chrome, browserVersion: 96.0.4664.110, chrome: {chromedriverVersion: 96.0.4664.45 (76e4c1bb2ab46..., userDataDir: /var/folders/cq/kq1r5w9s3l1...}, goog:chromeOptions: {debuggerAddress: localhost:62510}, javascriptEnabled: true, networkConnectionEnabled: false, pageLoadStrategy: normal, platform: MAC, platformName: MAC, proxy: Proxy(), setWindowRect: true, strictFileInteractability: false, timeouts: {implicit: 0, pageLoad: 300000, script: 30000}, unhandledPromptBehavior: dismiss and notify, webauthn:extension:credBlob: true, webauthn:extension:largeBlob: true, webauthn:virtualAuthenticators: true}
Session ID: 9b4be4c7a5d53e0c63e09862a4e3c87e
	at org.openqa.selenium.remote.http.W3CHttpResponseCodec.createException(W3CHttpResponseCodec.java:187)
	at org.openqa.selenium.remote.http.W3CHttpResponseCodec.decode(W3CHttpResponseCodec.java:122)
	at org.openqa.selenium.remote.http.W3CHttpResponseCodec.decode(W3CHttpResponseCodec.java:49)
	at org.openqa.selenium.remote.HttpCommandExecutor.execute(HttpCommandExecutor.java:158)
	at org.openqa.selenium.remote.service.DriverCommandExecutor.execute(DriverCommandExecutor.java:83)
	at org.openqa.selenium.remote.RemoteWebDriver.execute(RemoteWebDriver.java:548)
	at org.openqa.selenium.remote.RemoteWebElement.execute(RemoteWebElement.java:276)
	at org.openqa.selenium.remote.RemoteWebElement.click(RemoteWebElement.java:83)
	at Pages.Web.OrderPage.clickSubmitBtn(OrderPage.java:178)
	at stepFiles.WebSteps.OrderPageSteps.userClickOnButton(OrderPageSteps.java:92)
	at ?.User click on &quot;Weiter zu PayPal&quot; button(src/test/java/FeatureFiles/WebTest/De.feature:36)
... Removed 4 stack frames</div></td></tr></table><p class="totop"><a href="#summary">back to summary</a></p><h3 id="m1">runner.WebRunner#runScenario</h3><table class="result"><tr class="param"><th>Parameter #1</th><th>Parameter #2</th></tr><tr class="param stripe"><td>&quot;Verify no fill Validation message for Credit card&quot;</td><td>&quot;En&quot;</td></tr><tr><th colspan="2">Messages</th></tr><tr><td colspan="2"><div class="messages">&lt;div &quot;result&quot;&gt;User open order page with &amp;quot;en&amp;quot; Language (PASSED : 8s)&lt;/div&gt;<br/>&lt;div &quot;result&quot;&gt;User scroll down the page to &amp;quot;Credit Card&amp;quot; payment type (PASSED : 0s)&lt;/div&gt;<br/>&lt;div &quot;result&quot;&gt;User select &amp;quot;Credit Card&amp;quot; payment type (PASSED : 0s)&lt;/div&gt;<br/>&lt;div &quot;result&quot;&gt;it should open credit card detail fill up form (FAILED : 0s)&lt;/div&gt;<br/>&lt;div &quot;result&quot;&gt;User click on &amp;quot;Join Now&amp;quot; button (SKIPPED)&lt;/div&gt;<br/>&lt;div &quot;result&quot;&gt;User should able to see no fill error for email (SKIPPED)&lt;/div&gt;<br/>&lt;div &quot;result&quot;&gt;User should able to see no fill error for credit card form all details (SKIPPED)&lt;/div&gt;</div></td></tr><tr><th colspan="2">Exception</th></tr><tr><td colspan="2"><div class="stacktrace">java.lang.IndexOutOfBoundsException: Index: 0, Size: 0
	at java.util.ArrayList.rangeCheck(ArrayList.java:659)
	at java.util.ArrayList.get(ArrayList.java:435)
	at org.openqa.selenium.support.pagefactory.internal.LocatingElementListHandler.invoke(LocatingElementListHandler.java:39)
	at com.sun.proxy.$Proxy17.get(Unknown Source)
	at driverFactory.Web.DriverFactory.isElementListAvailable(DriverFactory.java:40)
	at Pages.Web.OrderPage.isCreditCardFormAppeared(OrderPage.java:168)
	at stepFiles.WebSteps.OrderPageSteps.itShouldOpenCreditCardDetailFillUpForm(OrderPageSteps.java:76)
	at ?.it should open credit card detail fill up form(src/test/java/FeatureFiles/WebTest/En.feature:27)
... Removed 4 stack frames</div></td></tr></table><p class="totop"><a href="#summary">back to summary</a></p><h3 id="m2">runner.WebRunner#runScenario</h3><table class="result"><tr class="param"><th>Parameter #1</th><th>Parameter #2</th></tr><tr class="param stripe"><td>&quot;Verify Validation message for invalid values&quot;</td><td>&quot;De&quot;</td></tr><tr><th colspan="2">Messages</th></tr><tr><td colspan="2"><div class="messages">&lt;div &quot;result&quot;&gt;User open order page with &amp;quot;de&amp;quot; Language (PASSED : 5s)&lt;/div&gt;<br/>&lt;div &quot;result&quot;&gt;User enter email address as &amp;quot;test&amp;quot; (PASSED : 0s)&lt;/div&gt;<br/>&lt;div &quot;result&quot;&gt;User should able to error for invalid email address (FAILED : 0s)&lt;/div&gt;<br/>&lt;div &quot;result&quot;&gt;User scroll down the page to &amp;quot;Kreditkarte&amp;quot; payment type (SKIPPED)&lt;/div&gt;<br/>&lt;div &quot;result&quot;&gt;User select &amp;quot;Kreditkarte&amp;quot; payment type (SKIPPED)&lt;/div&gt;<br/>&lt;div &quot;result&quot;&gt;User enter credit card number as &amp;quot;12&amp;quot; (SKIPPED)&lt;/div&gt;<br/>&lt;div &quot;result&quot;&gt;User enter cvv as &amp;quot;12&amp;quot; (SKIPPED)&lt;/div&gt;<br/>&lt;div &quot;result&quot;&gt;User should able to error for invalid card number (SKIPPED)&lt;/div&gt;<br/>&lt;div &quot;result&quot;&gt;User should able to error for invalid cvv (SKIPPED)&lt;/div&gt;</div></td></tr><tr><th colspan="2">Exception</th></tr><tr><td colspan="2"><div class="stacktrace">java.lang.AssertionError: Error for invalid email is not appearing expected [true] but found [false]
	at stepFiles.WebSteps.OrderPageSteps.userShouldAbleToErrorForInvalidEmailAddress(OrderPageSteps.java:112)
	at ?.User should able to error for invalid email address(src/test/java/FeatureFiles/WebTest/De.feature:55)
... Removed 3 stack frames</div></td></tr></table><p class="totop"><a href="#summary">back to summary</a></p><h3 id="m3">runner.WebRunner#runScenario</h3><table class="result"><tr class="param"><th>Parameter #1</th><th>Parameter #2</th></tr><tr class="param stripe"><td>&quot;Verify no fill Validation message for Credit card&quot;</td><td>&quot;De&quot;</td></tr><tr><th colspan="2">Messages</th></tr><tr><td colspan="2"><div class="messages">&lt;div &quot;result&quot;&gt;User open order page with &amp;quot;de&amp;quot; Language (PASSED : 7s)&lt;/div&gt;<br/>&lt;div &quot;result&quot;&gt;User scroll down the page to &amp;quot;Kreditkarte&amp;quot; payment type (PASSED : 0s)&lt;/div&gt;<br/>&lt;div &quot;result&quot;&gt;User select &amp;quot;Kreditkarte&amp;quot; payment type (PASSED : 0s)&lt;/div&gt;<br/>&lt;div &quot;result&quot;&gt;it should open credit card detail fill up form (PASSED : 0s)&lt;/div&gt;<br/>&lt;div &quot;result&quot;&gt;User click on &amp;quot;Jetzt anmelden&amp;quot; button (PASSED : 0s)&lt;/div&gt;<br/>&lt;div &quot;result&quot;&gt;User should able to see no fill error for email (PASSED : 0s)&lt;/div&gt;<br/>&lt;div &quot;result&quot;&gt;User should able to see no fill error for credit card form all details (FAILED : 0s)&lt;/div&gt;</div></td></tr><tr><th colspan="2">Exception</th></tr><tr><td colspan="2"><div class="stacktrace">java.lang.AssertionError: All No fill error for credit card form are not appearing expected [true] but found [false]
	at stepFiles.WebSteps.OrderPageSteps.userShouldAbleToSeeNoFillErrorForCreditCardFormAllDetails(OrderPageSteps.java:87)
	at ?.User should able to see no fill error for credit card form all details(src/test/java/FeatureFiles/WebTest/De.feature:30)
... Removed 3 stack frames</div></td></tr></table><p class="totop"><a href="#summary">back to summary</a></p><h3 id="m4">runner.WebRunner#runScenario</h3><table class="result"><tr class="param"><th>Parameter #1</th><th>Parameter #2</th></tr><tr class="param stripe"><td>&quot;Verify the selection of plan&quot;</td><td>&quot;De&quot;</td></tr><tr><th colspan="2">Messages</th></tr><tr><td colspan="2"><div class="messages">&lt;div &quot;result&quot;&gt;User open order page with &amp;quot;de&amp;quot; Language (PASSED : 8s)&lt;/div&gt;<br/>&lt;div &quot;result&quot;&gt;user select &amp;quot;1 Monat&amp;quot; plan (PASSED : 0s)&lt;/div&gt;<br/>&lt;div &quot;result&quot;&gt;User should see &amp;quot;1 Monat&amp;quot; plan selected (PASSED : 0s)&lt;/div&gt;<br/>&lt;div &quot;result&quot;&gt;User should able to see plan best Suggestion dialog (FAILED : 0s)&lt;/div&gt;<br/>&lt;div &quot;result&quot;&gt;user select &amp;quot;6 Monate&amp;quot; plan (SKIPPED)&lt;/div&gt;<br/>&lt;div &quot;result&quot;&gt;User should see &amp;quot;6 Monate&amp;quot; plan selected (SKIPPED)&lt;/div&gt;<br/>&lt;div &quot;result&quot;&gt;User should able to see plan best Suggestion dialog (SKIPPED)&lt;/div&gt;<br/>&lt;div &quot;result&quot;&gt;user select &amp;quot;12 Monate&amp;quot; plan (SKIPPED)&lt;/div&gt;<br/>&lt;div &quot;result&quot;&gt;User should see &amp;quot;12 Monate&amp;quot; plan selected (SKIPPED)&lt;/div&gt;<br/>&lt;div &quot;result&quot;&gt;User should not able to see plan best Suggestion dialog (SKIPPED)&lt;/div&gt;</div></td></tr><tr><th colspan="2">Exception</th></tr><tr><td colspan="2"><div class="stacktrace">java.lang.AssertionError: Plan Suggestion dialog not appeared expected [true] but found [false]
	at stepFiles.WebSteps.OrderPageSteps.userShouldAbleToSeePlanBestSuggestionDialog(OrderPageSteps.java:60)
	at ?.User should able to see plan best Suggestion dialog(src/test/java/FeatureFiles/WebTest/De.feature:16)
... Removed 3 stack frames</div></td></tr></table><p class="totop"><a href="#summary">back to summary</a></p><h3 id="m5">runner.WebRunner#runScenario</h3><table class="result"><tr class="param"><th>Parameter #1</th><th>Parameter #2</th></tr><tr class="param stripe"><td>&quot;Verify Validation message for invalid values&quot;</td><td>&quot;En&quot;</td></tr><tr><th colspan="2">Messages</th></tr><tr><td colspan="2"><div class="messages">&lt;div &quot;result&quot;&gt;User open order page with &amp;quot;en&amp;quot; Language (PASSED : 5s)&lt;/div&gt;<br/>&lt;div &quot;result&quot;&gt;User enter email address as &amp;quot;test&amp;quot; (PASSED : 0s)&lt;/div&gt;<br/>&lt;div &quot;result&quot;&gt;User should able to error for invalid email address (PASSED : 0s)&lt;/div&gt;<br/>&lt;div &quot;result&quot;&gt;User scroll down the page to &amp;quot;Credit Card&amp;quot; payment type (PASSED : 0s)&lt;/div&gt;<br/>&lt;div &quot;result&quot;&gt;User select &amp;quot;Credit Card&amp;quot; payment type (PASSED : 0s)&lt;/div&gt;<br/>&lt;div &quot;result&quot;&gt;User enter credit card number as &amp;quot;12&amp;quot; (FAILED : 0s)&lt;/div&gt;<br/>&lt;div &quot;result&quot;&gt;User enter cvv as &amp;quot;12&amp;quot; (SKIPPED)&lt;/div&gt;<br/>&lt;div &quot;result&quot;&gt;User should able to error for invalid card number (SKIPPED)&lt;/div&gt;<br/>&lt;div &quot;result&quot;&gt;User should able to error for invalid cvv (SKIPPED)&lt;/div&gt;</div></td></tr><tr><th colspan="2">Exception</th></tr><tr><td colspan="2"><div class="stacktrace">org.openqa.selenium.ElementNotInteractableException: element not interactable
  (Session info: chrome=96.0.4664.110)
Build info: version: &apos;3.13.0&apos;, revision: &apos;2f0d292&apos;, time: &apos;2018-06-25T15:24:21.231Z&apos;
System info: host: &apos;L1123.local&apos;, ip: &apos;fe80:0:0:0:d8:e797:8e2b:ab6%en0&apos;, os.name: &apos;Mac OS X&apos;, os.arch: &apos;x86_64&apos;, os.version: &apos;10.16&apos;, java.version: &apos;1.8.0_275&apos;
Driver info: org.openqa.selenium.chrome.ChromeDriver
Capabilities {acceptInsecureCerts: false, browserName: chrome, browserVersion: 96.0.4664.110, chrome: {chromedriverVersion: 96.0.4664.45 (76e4c1bb2ab46..., userDataDir: /var/folders/cq/kq1r5w9s3l1...}, goog:chromeOptions: {debuggerAddress: localhost:63048}, javascriptEnabled: true, networkConnectionEnabled: false, pageLoadStrategy: normal, platform: MAC, platformName: MAC, proxy: Proxy(), setWindowRect: true, strictFileInteractability: false, timeouts: {implicit: 0, pageLoad: 300000, script: 30000}, unhandledPromptBehavior: dismiss and notify, webauthn:extension:credBlob: true, webauthn:extension:largeBlob: true, webauthn:virtualAuthenticators: true}
Session ID: f485b2a33cc90cbbfb5d2d3a72880bd5
	at org.openqa.selenium.remote.http.W3CHttpResponseCodec.createException(W3CHttpResponseCodec.java:187)
	at org.openqa.selenium.remote.http.W3CHttpResponseCodec.decode(W3CHttpResponseCodec.java:122)
	at org.openqa.selenium.remote.http.W3CHttpResponseCodec.decode(W3CHttpResponseCodec.java:49)
	at org.openqa.selenium.remote.HttpCommandExecutor.execute(HttpCommandExecutor.java:158)
	at org.openqa.selenium.remote.service.DriverCommandExecutor.execute(DriverCommandExecutor.java:83)
	at org.openqa.selenium.remote.RemoteWebDriver.execute(RemoteWebDriver.java:548)
	at org.openqa.selenium.remote.RemoteWebElement.execute(RemoteWebElement.java:276)
	at org.openqa.selenium.remote.RemoteWebElement.clear(RemoteWebElement.java:118)
	at org.openqa.selenium.support.pagefactory.internal.LocatingElementHandler.invoke(LocatingElementHandler.java:51)
	at com.sun.proxy.$Proxy18.clear(Unknown Source)
	at Pages.Web.OrderPage.enterCreditCardNumber(OrderPage.java:257)
	at stepFiles.WebSteps.OrderPageSteps.userEnterCreditCardNumberAs(OrderPageSteps.java:127)
	at ?.User enter credit card number as &quot;12&quot;(src/test/java/FeatureFiles/WebTest/En.feature:58)
... Removed 8 stack frames</div></td></tr></table><p class="totop"><a href="#summary">back to summary</a></p><h3 id="m6">runner.WebRunner#runScenario</h3><table class="result"><tr class="param"><th>Parameter #1</th><th>Parameter #2</th></tr><tr class="param stripe"><td>&quot;Verify no fill Validation message for Other&quot;</td><td>&quot;De&quot;</td></tr><tr><th colspan="2">Messages</th></tr><tr><td colspan="2"><div class="messages">&lt;div &quot;result&quot;&gt;User open order page with &amp;quot;de&amp;quot; Language (PASSED : 5s)&lt;/div&gt;<br/>&lt;div &quot;result&quot;&gt;User scroll down the page to &amp;quot;Oder bezahlen Sie mit&amp;quot; payment type (PASSED : 0s)&lt;/div&gt;<br/>&lt;div &quot;result&quot;&gt;User select &amp;quot;Oder bezahlen Sie mit&amp;quot; payment type (PASSED : 0s)&lt;/div&gt;<br/>&lt;div &quot;result&quot;&gt;User should able to see &amp;quot;Weiter zu Paymentwall&amp;quot; button (PASSED : 0s)&lt;/div&gt;<br/>&lt;div &quot;result&quot;&gt;User click on &amp;quot;Weiter zu Paymentwall&amp;quot; button (FAILED : 0s)&lt;/div&gt;<br/>&lt;div &quot;result&quot;&gt;User should able to see no fill error for email (SKIPPED)&lt;/div&gt;</div></td></tr><tr><th colspan="2">Exception</th></tr><tr><td colspan="2"><div class="stacktrace">org.openqa.selenium.ElementNotInteractableException: element not interactable
  (Session info: chrome=96.0.4664.110)
Build info: version: &apos;3.13.0&apos;, revision: &apos;2f0d292&apos;, time: &apos;2018-06-25T15:24:21.231Z&apos;
System info: host: &apos;L1123.local&apos;, ip: &apos;fe80:0:0:0:d8:e797:8e2b:ab6%en0&apos;, os.name: &apos;Mac OS X&apos;, os.arch: &apos;x86_64&apos;, os.version: &apos;10.16&apos;, java.version: &apos;1.8.0_275&apos;
Driver info: org.openqa.selenium.chrome.ChromeDriver
Capabilities {acceptInsecureCerts: false, browserName: chrome, browserVersion: 96.0.4664.110, chrome: {chromedriverVersion: 96.0.4664.45 (76e4c1bb2ab46..., userDataDir: /var/folders/cq/kq1r5w9s3l1...}, goog:chromeOptions: {debuggerAddress: localhost:62618}, javascriptEnabled: true, networkConnectionEnabled: false, pageLoadStrategy: normal, platform: MAC, platformName: MAC, proxy: Proxy(), setWindowRect: true, strictFileInteractability: false, timeouts: {implicit: 0, pageLoad: 300000, script: 30000}, unhandledPromptBehavior: dismiss and notify, webauthn:extension:credBlob: true, webauthn:extension:largeBlob: true, webauthn:virtualAuthenticators: true}
Session ID: 6ecb70de7cb273b3c85ed278c3f0e3ed
	at org.openqa.selenium.remote.http.W3CHttpResponseCodec.createException(W3CHttpResponseCodec.java:187)
	at org.openqa.selenium.remote.http.W3CHttpResponseCodec.decode(W3CHttpResponseCodec.java:122)
	at org.openqa.selenium.remote.http.W3CHttpResponseCodec.decode(W3CHttpResponseCodec.java:49)
	at org.openqa.selenium.remote.HttpCommandExecutor.execute(HttpCommandExecutor.java:158)
	at org.openqa.selenium.remote.service.DriverCommandExecutor.execute(DriverCommandExecutor.java:83)
	at org.openqa.selenium.remote.RemoteWebDriver.execute(RemoteWebDriver.java:548)
	at org.openqa.selenium.remote.RemoteWebElement.execute(RemoteWebElement.java:276)
	at org.openqa.selenium.remote.RemoteWebElement.click(RemoteWebElement.java:83)
	at Pages.Web.OrderPage.clickSubmitBtn(OrderPage.java:178)
	at stepFiles.WebSteps.OrderPageSteps.userClickOnButton(OrderPageSteps.java:92)
	at ?.User click on &quot;Weiter zu Paymentwall&quot; button(src/test/java/FeatureFiles/WebTest/De.feature:50)
... Removed 4 stack frames</div></td></tr></table><p class="totop"><a href="#summary">back to summary</a></p><h3 id="m7">runner.WebRunner#runScenario</h3><table class="result"><tr class="param"><th>Parameter #1</th><th>Parameter #2</th></tr><tr class="param stripe"><td>&quot;Verify no fill Validation message for Bitcoin&quot;</td><td>&quot;En&quot;</td></tr><tr><th colspan="2">Messages</th></tr><tr><td colspan="2"><div class="messages">&lt;div &quot;result&quot;&gt;User open order page with &amp;quot;en&amp;quot; Language (PASSED : 6s)&lt;/div&gt;<br/>&lt;div &quot;result&quot;&gt;User scroll down the page to &amp;quot;Bitcoin&amp;quot; payment type (PASSED : 0s)&lt;/div&gt;<br/>&lt;div &quot;result&quot;&gt;User select &amp;quot;Bitcoin&amp;quot; payment type (PASSED : 0s)&lt;/div&gt;<br/>&lt;div &quot;result&quot;&gt;User should able to see &amp;quot;Continue to BitPay&amp;quot; button (PASSED : 0s)&lt;/div&gt;<br/>&lt;div &quot;result&quot;&gt;User click on &amp;quot;Continue to BitPay&amp;quot; button (PASSED : 0s)&lt;/div&gt;<br/>&lt;div &quot;result&quot;&gt;User should able to see no fill error for email (PASSED : 0s)&lt;/div&gt;</div></td></tr></table><p class="totop"><a href="#summary">back to summary</a></p><h3 id="m8">runner.WebRunner#runScenario</h3><table class="result"><tr class="param"><th>Parameter #1</th><th>Parameter #2</th></tr><tr class="param stripe"><td>&quot;Verify no fill Validation message for Bitcoin&quot;</td><td>&quot;De&quot;</td></tr><tr><th colspan="2">Messages</th></tr><tr><td colspan="2"><div class="messages">&lt;div &quot;result&quot;&gt;User open order page with &amp;quot;de&amp;quot; Language (PASSED : 7s)&lt;/div&gt;<br/>&lt;div &quot;result&quot;&gt;User scroll down the page to &amp;quot;Bitcoin&amp;quot; payment type (PASSED : 0s)&lt;/div&gt;<br/>&lt;div &quot;result&quot;&gt;User select &amp;quot;Bitcoin&amp;quot; payment type (PASSED : 0s)&lt;/div&gt;<br/>&lt;div &quot;result&quot;&gt;User should able to see &amp;quot;Weiter zu BitPay&amp;quot; button (PASSED : 0s)&lt;/div&gt;<br/>&lt;div &quot;result&quot;&gt;User click on &amp;quot;Weiter zu BitPay&amp;quot; button (PASSED : 0s)&lt;/div&gt;<br/>&lt;div &quot;result&quot;&gt;User should able to see no fill error for email (PASSED : 0s)&lt;/div&gt;</div></td></tr></table><p class="totop"><a href="#summary">back to summary</a></p><h3 id="m9">runner.WebRunner#runScenario</h3><table class="result"><tr class="param"><th>Parameter #1</th><th>Parameter #2</th></tr><tr class="param stripe"><td>&quot;Verify the selection of plan&quot;</td><td>&quot;En&quot;</td></tr><tr><th colspan="2">Messages</th></tr><tr><td colspan="2"><div class="messages">&lt;div &quot;result&quot;&gt;User open order page with &amp;quot;en&amp;quot; Language (PASSED : 8s)&lt;/div&gt;<br/>&lt;div &quot;result&quot;&gt;user select &amp;quot;1 Month&amp;quot; plan (PASSED : 0s)&lt;/div&gt;<br/>&lt;div &quot;result&quot;&gt;User should see &amp;quot;1 Month&amp;quot; plan selected (PASSED : 0s)&lt;/div&gt;<br/>&lt;div &quot;result&quot;&gt;User should able to see plan best Suggestion dialog (PASSED : 0s)&lt;/div&gt;<br/>&lt;div &quot;result&quot;&gt;user select &amp;quot;6 Month&amp;quot; plan (PASSED : 0s)&lt;/div&gt;<br/>&lt;div &quot;result&quot;&gt;User should see &amp;quot;6 Months&amp;quot; plan selected (PASSED : 0s)&lt;/div&gt;<br/>&lt;div &quot;result&quot;&gt;User should able to see plan best Suggestion dialog (PASSED : 0s)&lt;/div&gt;<br/>&lt;div &quot;result&quot;&gt;user select &amp;quot;12 Months&amp;quot; plan (PASSED : 0s)&lt;/div&gt;<br/>&lt;div &quot;result&quot;&gt;User should see &amp;quot;12 Months&amp;quot; plan selected (PASSED : 0s)&lt;/div&gt;<br/>&lt;div &quot;result&quot;&gt;User should not able to see plan best Suggestion dialog (PASSED : 0s)&lt;/div&gt;</div></td></tr></table><p class="totop"><a href="#summary">back to summary</a></p><h3 id="m10">runner.WebRunner#runScenario</h3><table class="result"><tr class="param"><th>Parameter #1</th><th>Parameter #2</th></tr><tr class="param stripe"><td>&quot;Verify no fill Validation message for Other&quot;</td><td>&quot;En&quot;</td></tr><tr><th colspan="2">Messages</th></tr><tr><td colspan="2"><div class="messages">&lt;div &quot;result&quot;&gt;User open order page with &amp;quot;en&amp;quot; Language (PASSED : 6s)&lt;/div&gt;<br/>&lt;div &quot;result&quot;&gt;User scroll down the page to &amp;quot;Other&amp;quot; payment type (PASSED : 0s)&lt;/div&gt;<br/>&lt;div &quot;result&quot;&gt;User select &amp;quot;Other&amp;quot; payment type (PASSED : 0s)&lt;/div&gt;<br/>&lt;div &quot;result&quot;&gt;User should able to see &amp;quot;Continue to Paymentwall&amp;quot; button (PASSED : 0s)&lt;/div&gt;<br/>&lt;div &quot;result&quot;&gt;User click on &amp;quot;Continue to Paymentwall&amp;quot; button (PASSED : 0s)&lt;/div&gt;<br/>&lt;div &quot;result&quot;&gt;User should able to see no fill error for email (PASSED : 0s)&lt;/div&gt;</div></td></tr></table><p class="totop"><a href="#summary">back to summary</a></p><h3 id="m11">runner.WebRunner#runScenario</h3><table class="result"><tr class="param"><th>Parameter #1</th><th>Parameter #2</th></tr><tr class="param stripe"><td>&quot;Verify the planDetails&quot;</td><td>&quot;De&quot;</td></tr><tr><th colspan="2">Messages</th></tr><tr><td colspan="2"><div class="messages">&lt;div &quot;result&quot;&gt;User open order page with &amp;quot;de&amp;quot; Language (PASSED : 13s)&lt;/div&gt;<br/>&lt;div &quot;result&quot;&gt;User should see &amp;quot;12 Monate&amp;quot; plan selected (PASSED : 0s)&lt;/div&gt;<br/>&lt;div &quot;result&quot;&gt;User should see list of plan (PASSED : 0s)&lt;/div&gt;<br/>&lt;div &quot;result&quot;&gt;User should see details of &amp;quot;1 Monat&amp;quot; plan (PASSED : 0s)&lt;/div&gt;<br/>&lt;div &quot;result&quot;&gt;User should see details of &amp;quot;6 Monate&amp;quot; plan (PASSED : 0s)&lt;/div&gt;<br/>&lt;div &quot;result&quot;&gt;User should see details of &amp;quot;12 Monate&amp;quot; plan (PASSED : 0s)&lt;/div&gt;</div></td></tr></table><p class="totop"><a href="#summary">back to summary</a></p><h3 id="m12">runner.WebRunner#runScenario</h3><table class="result"><tr class="param"><th>Parameter #1</th><th>Parameter #2</th></tr><tr class="param stripe"><td>&quot;Verify the planDetails&quot;</td><td>&quot;En&quot;</td></tr><tr><th colspan="2">Messages</th></tr><tr><td colspan="2"><div class="messages">&lt;div &quot;result&quot;&gt;User open order page with &amp;quot;en&amp;quot; Language (PASSED : 6s)&lt;/div&gt;<br/>&lt;div &quot;result&quot;&gt;User should see &amp;quot;12 Months&amp;quot; plan selected (PASSED : 0s)&lt;/div&gt;<br/>&lt;div &quot;result&quot;&gt;User should see list of plan (PASSED : 0s)&lt;/div&gt;<br/>&lt;div &quot;result&quot;&gt;User should see details of &amp;quot;1 Month&amp;quot; plan (PASSED : 0s)&lt;/div&gt;<br/>&lt;div &quot;result&quot;&gt;User should see details of &amp;quot;6 Months&amp;quot; plan (PASSED : 0s)&lt;/div&gt;<br/>&lt;div &quot;result&quot;&gt;User should see details of &amp;quot;12 Months&amp;quot; plan (PASSED : 0s)&lt;/div&gt;</div></td></tr></table><p class="totop"><a href="#summary">back to summary</a></p><h3 id="m13">runner.WebRunner#runScenario</h3><table class="result"><tr class="param"><th>Parameter #1</th><th>Parameter #2</th></tr><tr class="param stripe"><td>&quot;Verify no fill Validation message for PayPal&quot;</td><td>&quot;En&quot;</td></tr><tr><th colspan="2">Messages</th></tr><tr><td colspan="2"><div class="messages">&lt;div &quot;result&quot;&gt;User open order page with &amp;quot;en&amp;quot; Language (PASSED : 7s)&lt;/div&gt;<br/>&lt;div &quot;result&quot;&gt;User scroll down the page to &amp;quot;PayPal&amp;quot; payment type (PASSED : 0s)&lt;/div&gt;<br/>&lt;div &quot;result&quot;&gt;User select &amp;quot;PayPal&amp;quot; payment type (PASSED : 0s)&lt;/div&gt;<br/>&lt;div &quot;result&quot;&gt;User should able to see &amp;quot;Continue to PayPal&amp;quot; button (PASSED : 0s)&lt;/div&gt;<br/>&lt;div &quot;result&quot;&gt;User click on &amp;quot;Continue to PayPal&amp;quot; button (PASSED : 0s)&lt;/div&gt;<br/>&lt;div &quot;result&quot;&gt;User should able to see no fill error for email (PASSED : 0s)&lt;/div&gt;</div></td></tr></table><p class="totop"><a href="#summary">back to summary</a></p></body></html>