<?xml version="1.0" encoding="UTF-8"?>
<testng-results skipped="0" failed="7" total="14" passed="7">
  <reporter-output>
    <line>
      <![CDATA[<div "result">User open order page with &quot;de&quot; Language (PASSED : 13s)</div>]]>
    </line>
    <line>
      <![CDATA[<div "result">User should see &quot;12 Monate&quot; plan selected (PASSED : 0s)</div>]]>
    </line>
    <line>
      <![CDATA[<div "result">User should see list of plan (PASSED : 0s)</div>]]>
    </line>
    <line>
      <![CDATA[<div "result">User should see details of &quot;1 Monat&quot; plan (PASSED : 0s)</div>]]>
    </line>
    <line>
      <![CDATA[<div "result">User should see details of &quot;6 Monate&quot; plan (PASSED : 0s)</div>]]>
    </line>
    <line>
      <![CDATA[<div "result">User should see details of &quot;12 Monate&quot; plan (PASSED : 0s)</div>]]>
    </line>
    <line>
      <![CDATA[<div "result">User open order page with &quot;de&quot; Language (PASSED : 8s)</div>]]>
    </line>
    <line>
      <![CDATA[<div "result">user select &quot;1 Monat&quot; plan (PASSED : 0s)</div>]]>
    </line>
    <line>
      <![CDATA[<div "result">User should see &quot;1 Monat&quot; plan selected (PASSED : 0s)</div>]]>
    </line>
    <line>
      <![CDATA[<div "result">User should able to see plan best Suggestion dialog (FAILED : 0s)</div>]]>
    </line>
    <line>
      <![CDATA[<div "result">user select &quot;6 Monate&quot; plan (SKIPPED)</div>]]>
    </line>
    <line>
      <![CDATA[<div "result">User should see &quot;6 Monate&quot; plan selected (SKIPPED)</div>]]>
    </line>
    <line>
      <![CDATA[<div "result">User should able to see plan best Suggestion dialog (SKIPPED)</div>]]>
    </line>
    <line>
      <![CDATA[<div "result">user select &quot;12 Monate&quot; plan (SKIPPED)</div>]]>
    </line>
    <line>
      <![CDATA[<div "result">User should see &quot;12 Monate&quot; plan selected (SKIPPED)</div>]]>
    </line>
    <line>
      <![CDATA[<div "result">User should not able to see plan best Suggestion dialog (SKIPPED)</div>]]>
    </line>
    <line>
      <![CDATA[<div "result">User open order page with &quot;de&quot; Language (PASSED : 7s)</div>]]>
    </line>
    <line>
      <![CDATA[<div "result">User scroll down the page to &quot;Kreditkarte&quot; payment type (PASSED : 0s)</div>]]>
    </line>
    <line>
      <![CDATA[<div "result">User select &quot;Kreditkarte&quot; payment type (PASSED : 0s)</div>]]>
    </line>
    <line>
      <![CDATA[<div "result">it should open credit card detail fill up form (PASSED : 0s)</div>]]>
    </line>
    <line>
      <![CDATA[<div "result">User click on &quot;Jetzt anmelden&quot; button (PASSED : 0s)</div>]]>
    </line>
    <line>
      <![CDATA[<div "result">User should able to see no fill error for email (PASSED : 0s)</div>]]>
    </line>
    <line>
      <![CDATA[<div "result">User should able to see no fill error for credit card form all details (FAILED : 0s)</div>]]>
    </line>
    <line>
      <![CDATA[<div "result">User open order page with &quot;de&quot; Language (PASSED : 7s)</div>]]>
    </line>
    <line>
      <![CDATA[<div "result">User scroll down the page to &quot;PayPal&quot; payment type (PASSED : 0s)</div>]]>
    </line>
    <line>
      <![CDATA[<div "result">User select &quot;PayPal&quot; payment type (PASSED : 0s)</div>]]>
    </line>
    <line>
      <![CDATA[<div "result">User should able to see &quot;Weiter zu PayPal&quot; button (PASSED : 0s)</div>]]>
    </line>
    <line>
      <![CDATA[<div "result">User click on &quot;Weiter zu PayPal&quot; button (FAILED : 0s)</div>]]>
    </line>
    <line>
      <![CDATA[<div "result">User should able to see no fill error for email (SKIPPED)</div>]]>
    </line>
    <line>
      <![CDATA[<div "result">User open order page with &quot;de&quot; Language (PASSED : 7s)</div>]]>
    </line>
    <line>
      <![CDATA[<div "result">User scroll down the page to &quot;Bitcoin&quot; payment type (PASSED : 0s)</div>]]>
    </line>
    <line>
      <![CDATA[<div "result">User select &quot;Bitcoin&quot; payment type (PASSED : 0s)</div>]]>
    </line>
    <line>
      <![CDATA[<div "result">User should able to see &quot;Weiter zu BitPay&quot; button (PASSED : 0s)</div>]]>
    </line>
    <line>
      <![CDATA[<div "result">User click on &quot;Weiter zu BitPay&quot; button (PASSED : 0s)</div>]]>
    </line>
    <line>
      <![CDATA[<div "result">User should able to see no fill error for email (PASSED : 0s)</div>]]>
    </line>
    <line>
      <![CDATA[<div "result">User open order page with &quot;de&quot; Language (PASSED : 5s)</div>]]>
    </line>
    <line>
      <![CDATA[<div "result">User scroll down the page to &quot;Oder bezahlen Sie mit&quot; payment type (PASSED : 0s)</div>]]>
    </line>
    <line>
      <![CDATA[<div "result">User select &quot;Oder bezahlen Sie mit&quot; payment type (PASSED : 0s)</div>]]>
    </line>
    <line>
      <![CDATA[<div "result">User should able to see &quot;Weiter zu Paymentwall&quot; button (PASSED : 0s)</div>]]>
    </line>
    <line>
      <![CDATA[<div "result">User click on &quot;Weiter zu Paymentwall&quot; button (FAILED : 0s)</div>]]>
    </line>
    <line>
      <![CDATA[<div "result">User should able to see no fill error for email (SKIPPED)</div>]]>
    </line>
    <line>
      <![CDATA[<div "result">User open order page with &quot;de&quot; Language (PASSED : 5s)</div>]]>
    </line>
    <line>
      <![CDATA[<div "result">User enter email address as &quot;test&quot; (PASSED : 0s)</div>]]>
    </line>
    <line>
      <![CDATA[<div "result">User should able to error for invalid email address (FAILED : 0s)</div>]]>
    </line>
    <line>
      <![CDATA[<div "result">User scroll down the page to &quot;Kreditkarte&quot; payment type (SKIPPED)</div>]]>
    </line>
    <line>
      <![CDATA[<div "result">User select &quot;Kreditkarte&quot; payment type (SKIPPED)</div>]]>
    </line>
    <line>
      <![CDATA[<div "result">User enter credit card number as &quot;12&quot; (SKIPPED)</div>]]>
    </line>
    <line>
      <![CDATA[<div "result">User enter cvv as &quot;12&quot; (SKIPPED)</div>]]>
    </line>
    <line>
      <![CDATA[<div "result">User should able to error for invalid card number (SKIPPED)</div>]]>
    </line>
    <line>
      <![CDATA[<div "result">User should able to error for invalid cvv (SKIPPED)</div>]]>
    </line>
    <line>
      <![CDATA[<div "result">User open order page with &quot;en&quot; Language (PASSED : 6s)</div>]]>
    </line>
    <line>
      <![CDATA[<div "result">User should see &quot;12 Months&quot; plan selected (PASSED : 0s)</div>]]>
    </line>
    <line>
      <![CDATA[<div "result">User should see list of plan (PASSED : 0s)</div>]]>
    </line>
    <line>
      <![CDATA[<div "result">User should see details of &quot;1 Month&quot; plan (PASSED : 0s)</div>]]>
    </line>
    <line>
      <![CDATA[<div "result">User should see details of &quot;6 Months&quot; plan (PASSED : 0s)</div>]]>
    </line>
    <line>
      <![CDATA[<div "result">User should see details of &quot;12 Months&quot; plan (PASSED : 0s)</div>]]>
    </line>
    <line>
      <![CDATA[<div "result">User open order page with &quot;en&quot; Language (PASSED : 8s)</div>]]>
    </line>
    <line>
      <![CDATA[<div "result">user select &quot;1 Month&quot; plan (PASSED : 0s)</div>]]>
    </line>
    <line>
      <![CDATA[<div "result">User should see &quot;1 Month&quot; plan selected (PASSED : 0s)</div>]]>
    </line>
    <line>
      <![CDATA[<div "result">User should able to see plan best Suggestion dialog (PASSED : 0s)</div>]]>
    </line>
    <line>
      <![CDATA[<div "result">user select &quot;6 Month&quot; plan (PASSED : 0s)</div>]]>
    </line>
    <line>
      <![CDATA[<div "result">User should see &quot;6 Months&quot; plan selected (PASSED : 0s)</div>]]>
    </line>
    <line>
      <![CDATA[<div "result">User should able to see plan best Suggestion dialog (PASSED : 0s)</div>]]>
    </line>
    <line>
      <![CDATA[<div "result">user select &quot;12 Months&quot; plan (PASSED : 0s)</div>]]>
    </line>
    <line>
      <![CDATA[<div "result">User should see &quot;12 Months&quot; plan selected (PASSED : 0s)</div>]]>
    </line>
    <line>
      <![CDATA[<div "result">User should not able to see plan best Suggestion dialog (PASSED : 0s)</div>]]>
    </line>
    <line>
      <![CDATA[<div "result">User open order page with &quot;en&quot; Language (PASSED : 8s)</div>]]>
    </line>
    <line>
      <![CDATA[<div "result">User scroll down the page to &quot;Credit Card&quot; payment type (PASSED : 0s)</div>]]>
    </line>
    <line>
      <![CDATA[<div "result">User select &quot;Credit Card&quot; payment type (PASSED : 0s)</div>]]>
    </line>
    <line>
      <![CDATA[<div "result">it should open credit card detail fill up form (FAILED : 0s)</div>]]>
    </line>
    <line>
      <![CDATA[<div "result">User click on &quot;Join Now&quot; button (SKIPPED)</div>]]>
    </line>
    <line>
      <![CDATA[<div "result">User should able to see no fill error for email (SKIPPED)</div>]]>
    </line>
    <line>
      <![CDATA[<div "result">User should able to see no fill error for credit card form all details (SKIPPED)</div>]]>
    </line>
    <line>
      <![CDATA[<div "result">User open order page with &quot;en&quot; Language (PASSED : 7s)</div>]]>
    </line>
    <line>
      <![CDATA[<div "result">User scroll down the page to &quot;PayPal&quot; payment type (PASSED : 0s)</div>]]>
    </line>
    <line>
      <![CDATA[<div "result">User select &quot;PayPal&quot; payment type (PASSED : 0s)</div>]]>
    </line>
    <line>
      <![CDATA[<div "result">User should able to see &quot;Continue to PayPal&quot; button (PASSED : 0s)</div>]]>
    </line>
    <line>
      <![CDATA[<div "result">User click on &quot;Continue to PayPal&quot; button (PASSED : 0s)</div>]]>
    </line>
    <line>
      <![CDATA[<div "result">User should able to see no fill error for email (PASSED : 0s)</div>]]>
    </line>
    <line>
      <![CDATA[<div "result">User open order page with &quot;en&quot; Language (PASSED : 6s)</div>]]>
    </line>
    <line>
      <![CDATA[<div "result">User scroll down the page to &quot;Bitcoin&quot; payment type (PASSED : 0s)</div>]]>
    </line>
    <line>
      <![CDATA[<div "result">User select &quot;Bitcoin&quot; payment type (PASSED : 0s)</div>]]>
    </line>
    <line>
      <![CDATA[<div "result">User should able to see &quot;Continue to BitPay&quot; button (PASSED : 0s)</div>]]>
    </line>
    <line>
      <![CDATA[<div "result">User click on &quot;Continue to BitPay&quot; button (PASSED : 0s)</div>]]>
    </line>
    <line>
      <![CDATA[<div "result">User should able to see no fill error for email (PASSED : 0s)</div>]]>
    </line>
    <line>
      <![CDATA[<div "result">User open order page with &quot;en&quot; Language (PASSED : 6s)</div>]]>
    </line>
    <line>
      <![CDATA[<div "result">User scroll down the page to &quot;Other&quot; payment type (PASSED : 0s)</div>]]>
    </line>
    <line>
      <![CDATA[<div "result">User select &quot;Other&quot; payment type (PASSED : 0s)</div>]]>
    </line>
    <line>
      <![CDATA[<div "result">User should able to see &quot;Continue to Paymentwall&quot; button (PASSED : 0s)</div>]]>
    </line>
    <line>
      <![CDATA[<div "result">User click on &quot;Continue to Paymentwall&quot; button (PASSED : 0s)</div>]]>
    </line>
    <line>
      <![CDATA[<div "result">User should able to see no fill error for email (PASSED : 0s)</div>]]>
    </line>
    <line>
      <![CDATA[<div "result">User open order page with &quot;en&quot; Language (PASSED : 5s)</div>]]>
    </line>
    <line>
      <![CDATA[<div "result">User enter email address as &quot;test&quot; (PASSED : 0s)</div>]]>
    </line>
    <line>
      <![CDATA[<div "result">User should able to error for invalid email address (PASSED : 0s)</div>]]>
    </line>
    <line>
      <![CDATA[<div "result">User scroll down the page to &quot;Credit Card&quot; payment type (PASSED : 0s)</div>]]>
    </line>
    <line>
      <![CDATA[<div "result">User select &quot;Credit Card&quot; payment type (PASSED : 0s)</div>]]>
    </line>
    <line>
      <![CDATA[<div "result">User enter credit card number as &quot;12&quot; (FAILED : 0s)</div>]]>
    </line>
    <line>
      <![CDATA[<div "result">User enter cvv as &quot;12&quot; (SKIPPED)</div>]]>
    </line>
    <line>
      <![CDATA[<div "result">User should able to error for invalid card number (SKIPPED)</div>]]>
    </line>
    <line>
      <![CDATA[<div "result">User should able to error for invalid cvv (SKIPPED)</div>]]>
    </line>
  </reporter-output>
  <suite name="BDD Test Suite" duration-ms="147927" started-at="2022-01-02T12:40:14Z" finished-at="2022-01-02T12:42:42Z">
    <groups>
      <group name="cucumber">
        <method signature="AbstractTestNGCucumberTests.runScenario(cucumber.api.testng.PickleEventWrapper, cucumber.api.testng.CucumberFeatureWrapper)[pri:0, instance:runner.WebRunner@1753acfe]" name="runScenario" class="cucumber.api.testng.AbstractTestNGCucumberTests"/>
      </group> <!-- cucumber -->
    </groups>
    <test name="Express VPN Test" duration-ms="147927" started-at="2022-01-02T12:40:14Z" finished-at="2022-01-02T12:42:42Z">
      <class name="runner.WebRunner">
        <test-method status="PASS" signature="setUpClass()[pri:0, instance:runner.WebRunner@1753acfe]" name="setUpClass" is-config="true" duration-ms="174" started-at="2022-01-02T18:10:14Z" finished-at="2022-01-02T18:10:15Z">
          <reporter-output>
          </reporter-output>
        </test-method> <!-- setUpClass -->
        <test-method status="PASS" signature="runScenario(cucumber.api.testng.PickleEventWrapper, cucumber.api.testng.CucumberFeatureWrapper)[pri:0, instance:runner.WebRunner@1753acfe]" name="runScenario" duration-ms="14080" started-at="2022-01-02T18:10:15Z" description="Runs Cucumber Scenarios" data-provider="scenarios" finished-at="2022-01-02T18:10:29Z">
          <params>
            <param index="0">
              <value>
                <![CDATA["Verify the planDetails"]]>
              </value>
            </param>
            <param index="1">
              <value>
                <![CDATA["De"]]>
              </value>
            </param>
          </params>
          <reporter-output>
            <line>
              <![CDATA[<div "result">User open order page with &quot;de&quot; Language (PASSED : 13s)</div>]]>
            </line>
            <line>
              <![CDATA[<div "result">User should see &quot;12 Monate&quot; plan selected (PASSED : 0s)</div>]]>
            </line>
            <line>
              <![CDATA[<div "result">User should see list of plan (PASSED : 0s)</div>]]>
            </line>
            <line>
              <![CDATA[<div "result">User should see details of &quot;1 Monat&quot; plan (PASSED : 0s)</div>]]>
            </line>
            <line>
              <![CDATA[<div "result">User should see details of &quot;6 Monate&quot; plan (PASSED : 0s)</div>]]>
            </line>
            <line>
              <![CDATA[<div "result">User should see details of &quot;12 Monate&quot; plan (PASSED : 0s)</div>]]>
            </line>
          </reporter-output>
        </test-method> <!-- runScenario -->
        <test-method status="PASS" signature="killDriver(org.testng.ITestResult)[pri:0, instance:runner.WebRunner@1753acfe]" name="killDriver" is-config="true" duration-ms="2494" started-at="2022-01-02T18:10:29Z" finished-at="2022-01-02T18:10:31Z">
          <params>
            <param index="0">
              <value>
                <![CDATA[[TestResult name=runScenario status=SUCCESS method=AbstractTestNGCucumberTests.runScenario(cucumber.api.testng.PickleEventWrapper, cucumber.api.testng.CucumberFeatureWrapper)[pri:0, instance:runner.WebRunner@1753acfe] output=<div "result">User open order page with &quot;de&quot; Language (PASSED : 13s)</div>]]]>
              </value>
            </param>
          </params>
          <reporter-output>
          </reporter-output>
        </test-method> <!-- killDriver -->
        <test-method status="FAIL" signature="runScenario(cucumber.api.testng.PickleEventWrapper, cucumber.api.testng.CucumberFeatureWrapper)[pri:0, instance:runner.WebRunner@1753acfe]" name="runScenario" duration-ms="8172" started-at="2022-01-02T18:10:31Z" description="Runs Cucumber Scenarios" data-provider="scenarios" finished-at="2022-01-02T18:10:39Z">
          <params>
            <param index="0">
              <value>
                <![CDATA["Verify the selection of plan"]]>
              </value>
            </param>
            <param index="1">
              <value>
                <![CDATA["De"]]>
              </value>
            </param>
          </params>
          <exception class="java.lang.AssertionError">
            <message>
              <![CDATA[Plan Suggestion dialog not appeared expected [true] but found [false]]]>
            </message>
            <full-stacktrace>
              <![CDATA[java.lang.AssertionError: Plan Suggestion dialog not appeared expected [true] but found [false]
	at org.testng.Assert.fail(Assert.java:94)
	at org.testng.Assert.failNotEquals(Assert.java:496)
	at org.testng.Assert.assertTrue(Assert.java:42)
	at stepFiles.WebSteps.OrderPageSteps.userShouldAbleToSeePlanBestSuggestionDialog(OrderPageSteps.java:60)
	at ✽.User should able to see plan best Suggestion dialog(src/test/java/FeatureFiles/WebTest/De.feature:16)
]]>
            </full-stacktrace>
          </exception> <!-- java.lang.AssertionError -->
          <reporter-output>
            <line>
              <![CDATA[<div "result">User open order page with &quot;de&quot; Language (PASSED : 8s)</div>]]>
            </line>
            <line>
              <![CDATA[<div "result">user select &quot;1 Monat&quot; plan (PASSED : 0s)</div>]]>
            </line>
            <line>
              <![CDATA[<div "result">User should see &quot;1 Monat&quot; plan selected (PASSED : 0s)</div>]]>
            </line>
            <line>
              <![CDATA[<div "result">User should able to see plan best Suggestion dialog (FAILED : 0s)</div>]]>
            </line>
            <line>
              <![CDATA[<div "result">user select &quot;6 Monate&quot; plan (SKIPPED)</div>]]>
            </line>
            <line>
              <![CDATA[<div "result">User should see &quot;6 Monate&quot; plan selected (SKIPPED)</div>]]>
            </line>
            <line>
              <![CDATA[<div "result">User should able to see plan best Suggestion dialog (SKIPPED)</div>]]>
            </line>
            <line>
              <![CDATA[<div "result">user select &quot;12 Monate&quot; plan (SKIPPED)</div>]]>
            </line>
            <line>
              <![CDATA[<div "result">User should see &quot;12 Monate&quot; plan selected (SKIPPED)</div>]]>
            </line>
            <line>
              <![CDATA[<div "result">User should not able to see plan best Suggestion dialog (SKIPPED)</div>]]>
            </line>
          </reporter-output>
        </test-method> <!-- runScenario -->
        <test-method status="PASS" signature="killDriver(org.testng.ITestResult)[pri:0, instance:runner.WebRunner@1753acfe]" name="killDriver" is-config="true" duration-ms="2492" started-at="2022-01-02T18:10:39Z" finished-at="2022-01-02T18:10:42Z">
          <params>
            <param index="0">
              <value>
                <![CDATA[[TestResult name=runScenario status=FAILURE method=AbstractTestNGCucumberTests.runScenario(cucumber.api.testng.PickleEventWrapper, cucumber.api.testng.CucumberFeatureWrapper)[pri:0, instance:runner.WebRunner@1753acfe] output=<div "result">User open order page with &quot;de&quot; Language (PASSED : 8s)</div>]]]>
              </value>
            </param>
          </params>
          <reporter-output>
          </reporter-output>
        </test-method> <!-- killDriver -->
        <test-method status="FAIL" signature="runScenario(cucumber.api.testng.PickleEventWrapper, cucumber.api.testng.CucumberFeatureWrapper)[pri:0, instance:runner.WebRunner@1753acfe]" name="runScenario" duration-ms="8520" started-at="2022-01-02T18:10:42Z" description="Runs Cucumber Scenarios" data-provider="scenarios" finished-at="2022-01-02T18:10:50Z">
          <params>
            <param index="0">
              <value>
                <![CDATA["Verify no fill Validation message for Credit card"]]>
              </value>
            </param>
            <param index="1">
              <value>
                <![CDATA["De"]]>
              </value>
            </param>
          </params>
          <exception class="java.lang.AssertionError">
            <message>
              <![CDATA[All No fill error for credit card form are not appearing expected [true] but found [false]]]>
            </message>
            <full-stacktrace>
              <![CDATA[java.lang.AssertionError: All No fill error for credit card form are not appearing expected [true] but found [false]
	at org.testng.Assert.fail(Assert.java:94)
	at org.testng.Assert.failNotEquals(Assert.java:496)
	at org.testng.Assert.assertTrue(Assert.java:42)
	at stepFiles.WebSteps.OrderPageSteps.userShouldAbleToSeeNoFillErrorForCreditCardFormAllDetails(OrderPageSteps.java:87)
	at ✽.User should able to see no fill error for credit card form all details(src/test/java/FeatureFiles/WebTest/De.feature:30)
]]>
            </full-stacktrace>
          </exception> <!-- java.lang.AssertionError -->
          <reporter-output>
            <line>
              <![CDATA[<div "result">User open order page with &quot;de&quot; Language (PASSED : 7s)</div>]]>
            </line>
            <line>
              <![CDATA[<div "result">User scroll down the page to &quot;Kreditkarte&quot; payment type (PASSED : 0s)</div>]]>
            </line>
            <line>
              <![CDATA[<div "result">User select &quot;Kreditkarte&quot; payment type (PASSED : 0s)</div>]]>
            </line>
            <line>
              <![CDATA[<div "result">it should open credit card detail fill up form (PASSED : 0s)</div>]]>
            </line>
            <line>
              <![CDATA[<div "result">User click on &quot;Jetzt anmelden&quot; button (PASSED : 0s)</div>]]>
            </line>
            <line>
              <![CDATA[<div "result">User should able to see no fill error for email (PASSED : 0s)</div>]]>
            </line>
            <line>
              <![CDATA[<div "result">User should able to see no fill error for credit card form all details (FAILED : 0s)</div>]]>
            </line>
          </reporter-output>
        </test-method> <!-- runScenario -->
        <test-method status="PASS" signature="killDriver(org.testng.ITestResult)[pri:0, instance:runner.WebRunner@1753acfe]" name="killDriver" is-config="true" duration-ms="2528" started-at="2022-01-02T18:10:50Z" finished-at="2022-01-02T18:10:53Z">
          <params>
            <param index="0">
              <value>
                <![CDATA[[TestResult name=runScenario status=FAILURE method=AbstractTestNGCucumberTests.runScenario(cucumber.api.testng.PickleEventWrapper, cucumber.api.testng.CucumberFeatureWrapper)[pri:0, instance:runner.WebRunner@1753acfe] output=<div "result">User open order page with &quot;de&quot; Language (PASSED : 7s)</div>]]]>
              </value>
            </param>
          </params>
          <reporter-output>
          </reporter-output>
        </test-method> <!-- killDriver -->
        <test-method status="FAIL" signature="runScenario(cucumber.api.testng.PickleEventWrapper, cucumber.api.testng.CucumberFeatureWrapper)[pri:0, instance:runner.WebRunner@1753acfe]" name="runScenario" duration-ms="7588" started-at="2022-01-02T18:10:53Z" description="Runs Cucumber Scenarios" data-provider="scenarios" finished-at="2022-01-02T18:11:01Z">
          <params>
            <param index="0">
              <value>
                <![CDATA["Verify no fill Validation message for PayPal"]]>
              </value>
            </param>
            <param index="1">
              <value>
                <![CDATA["De"]]>
              </value>
            </param>
          </params>
          <exception class="org.openqa.selenium.ElementNotInteractableException">
            <message>
              <![CDATA[element not interactable
  (Session info: chrome=96.0.4664.110)
Build info: version: '3.13.0', revision: '2f0d292', time: '2018-06-25T15:24:21.231Z'
System info: host: 'L1123.local', ip: 'fe80:0:0:0:d8:e797:8e2b:ab6%en0', os.name: 'Mac OS X', os.arch: 'x86_64', os.version: '10.16', java.version: '1.8.0_275'
Driver info: org.openqa.selenium.chrome.ChromeDriver
Capabilities {acceptInsecureCerts: false, browserName: chrome, browserVersion: 96.0.4664.110, chrome: {chromedriverVersion: 96.0.4664.45 (76e4c1bb2ab46..., userDataDir: /var/folders/cq/kq1r5w9s3l1...}, goog:chromeOptions: {debuggerAddress: localhost:62510}, javascriptEnabled: true, networkConnectionEnabled: false, pageLoadStrategy: normal, platform: MAC, platformName: MAC, proxy: Proxy(), setWindowRect: true, strictFileInteractability: false, timeouts: {implicit: 0, pageLoad: 300000, script: 30000}, unhandledPromptBehavior: dismiss and notify, webauthn:extension:credBlob: true, webauthn:extension:largeBlob: true, webauthn:virtualAuthenticators: true}
Session ID: 9b4be4c7a5d53e0c63e09862a4e3c87e]]>
            </message>
            <full-stacktrace>
              <![CDATA[org.openqa.selenium.ElementNotInteractableException: element not interactable
  (Session info: chrome=96.0.4664.110)
Build info: version: '3.13.0', revision: '2f0d292', time: '2018-06-25T15:24:21.231Z'
System info: host: 'L1123.local', ip: 'fe80:0:0:0:d8:e797:8e2b:ab6%en0', os.name: 'Mac OS X', os.arch: 'x86_64', os.version: '10.16', java.version: '1.8.0_275'
Driver info: org.openqa.selenium.chrome.ChromeDriver
Capabilities {acceptInsecureCerts: false, browserName: chrome, browserVersion: 96.0.4664.110, chrome: {chromedriverVersion: 96.0.4664.45 (76e4c1bb2ab46..., userDataDir: /var/folders/cq/kq1r5w9s3l1...}, goog:chromeOptions: {debuggerAddress: localhost:62510}, javascriptEnabled: true, networkConnectionEnabled: false, pageLoadStrategy: normal, platform: MAC, platformName: MAC, proxy: Proxy(), setWindowRect: true, strictFileInteractability: false, timeouts: {implicit: 0, pageLoad: 300000, script: 30000}, unhandledPromptBehavior: dismiss and notify, webauthn:extension:credBlob: true, webauthn:extension:largeBlob: true, webauthn:virtualAuthenticators: true}
Session ID: 9b4be4c7a5d53e0c63e09862a4e3c87e
	at sun.reflect.NativeConstructorAccessorImpl.newInstance0(Native Method)
	at sun.reflect.NativeConstructorAccessorImpl.newInstance(NativeConstructorAccessorImpl.java:62)
	at sun.reflect.DelegatingConstructorAccessorImpl.newInstance(DelegatingConstructorAccessorImpl.java:45)
	at java.lang.reflect.Constructor.newInstance(Constructor.java:423)
	at org.openqa.selenium.remote.http.W3CHttpResponseCodec.createException(W3CHttpResponseCodec.java:187)
	at org.openqa.selenium.remote.http.W3CHttpResponseCodec.decode(W3CHttpResponseCodec.java:122)
	at org.openqa.selenium.remote.http.W3CHttpResponseCodec.decode(W3CHttpResponseCodec.java:49)
	at org.openqa.selenium.remote.HttpCommandExecutor.execute(HttpCommandExecutor.java:158)
	at org.openqa.selenium.remote.service.DriverCommandExecutor.execute(DriverCommandExecutor.java:83)
	at org.openqa.selenium.remote.RemoteWebDriver.execute(RemoteWebDriver.java:548)
	at org.openqa.selenium.remote.RemoteWebElement.execute(RemoteWebElement.java:276)
	at org.openqa.selenium.remote.RemoteWebElement.click(RemoteWebElement.java:83)
	at Pages.Web.OrderPage.clickSubmitBtn(OrderPage.java:178)
	at stepFiles.WebSteps.OrderPageSteps.userClickOnButton(OrderPageSteps.java:92)
	at ✽.User click on "Weiter zu PayPal" button(src/test/java/FeatureFiles/WebTest/De.feature:36)
]]>
            </full-stacktrace>
          </exception> <!-- org.openqa.selenium.ElementNotInteractableException -->
          <reporter-output>
            <line>
              <![CDATA[<div "result">User open order page with &quot;de&quot; Language (PASSED : 7s)</div>]]>
            </line>
            <line>
              <![CDATA[<div "result">User scroll down the page to &quot;PayPal&quot; payment type (PASSED : 0s)</div>]]>
            </line>
            <line>
              <![CDATA[<div "result">User select &quot;PayPal&quot; payment type (PASSED : 0s)</div>]]>
            </line>
            <line>
              <![CDATA[<div "result">User should able to see &quot;Weiter zu PayPal&quot; button (PASSED : 0s)</div>]]>
            </line>
            <line>
              <![CDATA[<div "result">User click on &quot;Weiter zu PayPal&quot; button (FAILED : 0s)</div>]]>
            </line>
            <line>
              <![CDATA[<div "result">User should able to see no fill error for email (SKIPPED)</div>]]>
            </line>
          </reporter-output>
        </test-method> <!-- runScenario -->
        <test-method status="PASS" signature="killDriver(org.testng.ITestResult)[pri:0, instance:runner.WebRunner@1753acfe]" name="killDriver" is-config="true" duration-ms="2606" started-at="2022-01-02T18:11:01Z" finished-at="2022-01-02T18:11:03Z">
          <params>
            <param index="0">
              <value>
                <![CDATA[[TestResult name=runScenario status=FAILURE method=AbstractTestNGCucumberTests.runScenario(cucumber.api.testng.PickleEventWrapper, cucumber.api.testng.CucumberFeatureWrapper)[pri:0, instance:runner.WebRunner@1753acfe] output=<div "result">User open order page with &quot;de&quot; Language (PASSED : 7s)</div>]]]>
              </value>
            </param>
          </params>
          <reporter-output>
          </reporter-output>
        </test-method> <!-- killDriver -->
        <test-method status="PASS" signature="runScenario(cucumber.api.testng.PickleEventWrapper, cucumber.api.testng.CucumberFeatureWrapper)[pri:0, instance:runner.WebRunner@1753acfe]" name="runScenario" duration-ms="8322" started-at="2022-01-02T18:11:03Z" description="Runs Cucumber Scenarios" data-provider="scenarios" finished-at="2022-01-02T18:11:11Z">
          <params>
            <param index="0">
              <value>
                <![CDATA["Verify no fill Validation message for Bitcoin"]]>
              </value>
            </param>
            <param index="1">
              <value>
                <![CDATA["De"]]>
              </value>
            </param>
          </params>
          <reporter-output>
            <line>
              <![CDATA[<div "result">User open order page with &quot;de&quot; Language (PASSED : 7s)</div>]]>
            </line>
            <line>
              <![CDATA[<div "result">User scroll down the page to &quot;Bitcoin&quot; payment type (PASSED : 0s)</div>]]>
            </line>
            <line>
              <![CDATA[<div "result">User select &quot;Bitcoin&quot; payment type (PASSED : 0s)</div>]]>
            </line>
            <line>
              <![CDATA[<div "result">User should able to see &quot;Weiter zu BitPay&quot; button (PASSED : 0s)</div>]]>
            </line>
            <line>
              <![CDATA[<div "result">User click on &quot;Weiter zu BitPay&quot; button (PASSED : 0s)</div>]]>
            </line>
            <line>
              <![CDATA[<div "result">User should able to see no fill error for email (PASSED : 0s)</div>]]>
            </line>
          </reporter-output>
        </test-method> <!-- runScenario -->
        <test-method status="PASS" signature="killDriver(org.testng.ITestResult)[pri:0, instance:runner.WebRunner@1753acfe]" name="killDriver" is-config="true" duration-ms="2525" started-at="2022-01-02T18:11:11Z" finished-at="2022-01-02T18:11:14Z">
          <params>
            <param index="0">
              <value>
                <![CDATA[[TestResult name=runScenario status=SUCCESS method=AbstractTestNGCucumberTests.runScenario(cucumber.api.testng.PickleEventWrapper, cucumber.api.testng.CucumberFeatureWrapper)[pri:0, instance:runner.WebRunner@1753acfe] output=<div "result">User open order page with &quot;de&quot; Language (PASSED : 7s)</div>]]]>
              </value>
            </param>
          </params>
          <reporter-output>
          </reporter-output>
        </test-method> <!-- killDriver -->
        <test-method status="FAIL" signature="runScenario(cucumber.api.testng.PickleEventWrapper, cucumber.api.testng.CucumberFeatureWrapper)[pri:0, instance:runner.WebRunner@1753acfe]" name="runScenario" duration-ms="6140" started-at="2022-01-02T18:11:14Z" description="Runs Cucumber Scenarios" data-provider="scenarios" finished-at="2022-01-02T18:11:20Z">
          <params>
            <param index="0">
              <value>
                <![CDATA["Verify no fill Validation message for Other"]]>
              </value>
            </param>
            <param index="1">
              <value>
                <![CDATA["De"]]>
              </value>
            </param>
          </params>
          <exception class="org.openqa.selenium.ElementNotInteractableException">
            <message>
              <![CDATA[element not interactable
  (Session info: chrome=96.0.4664.110)
Build info: version: '3.13.0', revision: '2f0d292', time: '2018-06-25T15:24:21.231Z'
System info: host: 'L1123.local', ip: 'fe80:0:0:0:d8:e797:8e2b:ab6%en0', os.name: 'Mac OS X', os.arch: 'x86_64', os.version: '10.16', java.version: '1.8.0_275'
Driver info: org.openqa.selenium.chrome.ChromeDriver
Capabilities {acceptInsecureCerts: false, browserName: chrome, browserVersion: 96.0.4664.110, chrome: {chromedriverVersion: 96.0.4664.45 (76e4c1bb2ab46..., userDataDir: /var/folders/cq/kq1r5w9s3l1...}, goog:chromeOptions: {debuggerAddress: localhost:62618}, javascriptEnabled: true, networkConnectionEnabled: false, pageLoadStrategy: normal, platform: MAC, platformName: MAC, proxy: Proxy(), setWindowRect: true, strictFileInteractability: false, timeouts: {implicit: 0, pageLoad: 300000, script: 30000}, unhandledPromptBehavior: dismiss and notify, webauthn:extension:credBlob: true, webauthn:extension:largeBlob: true, webauthn:virtualAuthenticators: true}
Session ID: 6ecb70de7cb273b3c85ed278c3f0e3ed]]>
            </message>
            <full-stacktrace>
              <![CDATA[org.openqa.selenium.ElementNotInteractableException: element not interactable
  (Session info: chrome=96.0.4664.110)
Build info: version: '3.13.0', revision: '2f0d292', time: '2018-06-25T15:24:21.231Z'
System info: host: 'L1123.local', ip: 'fe80:0:0:0:d8:e797:8e2b:ab6%en0', os.name: 'Mac OS X', os.arch: 'x86_64', os.version: '10.16', java.version: '1.8.0_275'
Driver info: org.openqa.selenium.chrome.ChromeDriver
Capabilities {acceptInsecureCerts: false, browserName: chrome, browserVersion: 96.0.4664.110, chrome: {chromedriverVersion: 96.0.4664.45 (76e4c1bb2ab46..., userDataDir: /var/folders/cq/kq1r5w9s3l1...}, goog:chromeOptions: {debuggerAddress: localhost:62618}, javascriptEnabled: true, networkConnectionEnabled: false, pageLoadStrategy: normal, platform: MAC, platformName: MAC, proxy: Proxy(), setWindowRect: true, strictFileInteractability: false, timeouts: {implicit: 0, pageLoad: 300000, script: 30000}, unhandledPromptBehavior: dismiss and notify, webauthn:extension:credBlob: true, webauthn:extension:largeBlob: true, webauthn:virtualAuthenticators: true}
Session ID: 6ecb70de7cb273b3c85ed278c3f0e3ed
	at sun.reflect.NativeConstructorAccessorImpl.newInstance0(Native Method)
	at sun.reflect.NativeConstructorAccessorImpl.newInstance(NativeConstructorAccessorImpl.java:62)
	at sun.reflect.DelegatingConstructorAccessorImpl.newInstance(DelegatingConstructorAccessorImpl.java:45)
	at java.lang.reflect.Constructor.newInstance(Constructor.java:423)
	at org.openqa.selenium.remote.http.W3CHttpResponseCodec.createException(W3CHttpResponseCodec.java:187)
	at org.openqa.selenium.remote.http.W3CHttpResponseCodec.decode(W3CHttpResponseCodec.java:122)
	at org.openqa.selenium.remote.http.W3CHttpResponseCodec.decode(W3CHttpResponseCodec.java:49)
	at org.openqa.selenium.remote.HttpCommandExecutor.execute(HttpCommandExecutor.java:158)
	at org.openqa.selenium.remote.service.DriverCommandExecutor.execute(DriverCommandExecutor.java:83)
	at org.openqa.selenium.remote.RemoteWebDriver.execute(RemoteWebDriver.java:548)
	at org.openqa.selenium.remote.RemoteWebElement.execute(RemoteWebElement.java:276)
	at org.openqa.selenium.remote.RemoteWebElement.click(RemoteWebElement.java:83)
	at Pages.Web.OrderPage.clickSubmitBtn(OrderPage.java:178)
	at stepFiles.WebSteps.OrderPageSteps.userClickOnButton(OrderPageSteps.java:92)
	at ✽.User click on "Weiter zu Paymentwall" button(src/test/java/FeatureFiles/WebTest/De.feature:50)
]]>
            </full-stacktrace>
          </exception> <!-- org.openqa.selenium.ElementNotInteractableException -->
          <reporter-output>
            <line>
              <![CDATA[<div "result">User open order page with &quot;de&quot; Language (PASSED : 5s)</div>]]>
            </line>
            <line>
              <![CDATA[<div "result">User scroll down the page to &quot;Oder bezahlen Sie mit&quot; payment type (PASSED : 0s)</div>]]>
            </line>
            <line>
              <![CDATA[<div "result">User select &quot;Oder bezahlen Sie mit&quot; payment type (PASSED : 0s)</div>]]>
            </line>
            <line>
              <![CDATA[<div "result">User should able to see &quot;Weiter zu Paymentwall&quot; button (PASSED : 0s)</div>]]>
            </line>
            <line>
              <![CDATA[<div "result">User click on &quot;Weiter zu Paymentwall&quot; button (FAILED : 0s)</div>]]>
            </line>
            <line>
              <![CDATA[<div "result">User should able to see no fill error for email (SKIPPED)</div>]]>
            </line>
          </reporter-output>
        </test-method> <!-- runScenario -->
        <test-method status="PASS" signature="killDriver(org.testng.ITestResult)[pri:0, instance:runner.WebRunner@1753acfe]" name="killDriver" is-config="true" duration-ms="2615" started-at="2022-01-02T18:11:20Z" finished-at="2022-01-02T18:11:23Z">
          <params>
            <param index="0">
              <value>
                <![CDATA[[TestResult name=runScenario status=FAILURE method=AbstractTestNGCucumberTests.runScenario(cucumber.api.testng.PickleEventWrapper, cucumber.api.testng.CucumberFeatureWrapper)[pri:0, instance:runner.WebRunner@1753acfe] output=<div "result">User open order page with &quot;de&quot; Language (PASSED : 5s)</div>]]]>
              </value>
            </param>
          </params>
          <reporter-output>
          </reporter-output>
        </test-method> <!-- killDriver -->
        <test-method status="FAIL" signature="runScenario(cucumber.api.testng.PickleEventWrapper, cucumber.api.testng.CucumberFeatureWrapper)[pri:0, instance:runner.WebRunner@1753acfe]" name="runScenario" duration-ms="6230" started-at="2022-01-02T18:11:23Z" description="Runs Cucumber Scenarios" data-provider="scenarios" finished-at="2022-01-02T18:11:29Z">
          <params>
            <param index="0">
              <value>
                <![CDATA["Verify Validation message for invalid values"]]>
              </value>
            </param>
            <param index="1">
              <value>
                <![CDATA["De"]]>
              </value>
            </param>
          </params>
          <exception class="java.lang.AssertionError">
            <message>
              <![CDATA[Error for invalid email is not appearing expected [true] but found [false]]]>
            </message>
            <full-stacktrace>
              <![CDATA[java.lang.AssertionError: Error for invalid email is not appearing expected [true] but found [false]
	at org.testng.Assert.fail(Assert.java:94)
	at org.testng.Assert.failNotEquals(Assert.java:496)
	at org.testng.Assert.assertTrue(Assert.java:42)
	at stepFiles.WebSteps.OrderPageSteps.userShouldAbleToErrorForInvalidEmailAddress(OrderPageSteps.java:112)
	at ✽.User should able to error for invalid email address(src/test/java/FeatureFiles/WebTest/De.feature:55)
]]>
            </full-stacktrace>
          </exception> <!-- java.lang.AssertionError -->
          <reporter-output>
            <line>
              <![CDATA[<div "result">User open order page with &quot;de&quot; Language (PASSED : 5s)</div>]]>
            </line>
            <line>
              <![CDATA[<div "result">User enter email address as &quot;test&quot; (PASSED : 0s)</div>]]>
            </line>
            <line>
              <![CDATA[<div "result">User should able to error for invalid email address (FAILED : 0s)</div>]]>
            </line>
            <line>
              <![CDATA[<div "result">User scroll down the page to &quot;Kreditkarte&quot; payment type (SKIPPED)</div>]]>
            </line>
            <line>
              <![CDATA[<div "result">User select &quot;Kreditkarte&quot; payment type (SKIPPED)</div>]]>
            </line>
            <line>
              <![CDATA[<div "result">User enter credit card number as &quot;12&quot; (SKIPPED)</div>]]>
            </line>
            <line>
              <![CDATA[<div "result">User enter cvv as &quot;12&quot; (SKIPPED)</div>]]>
            </line>
            <line>
              <![CDATA[<div "result">User should able to error for invalid card number (SKIPPED)</div>]]>
            </line>
            <line>
              <![CDATA[<div "result">User should able to error for invalid cvv (SKIPPED)</div>]]>
            </line>
          </reporter-output>
        </test-method> <!-- runScenario -->
        <test-method status="PASS" signature="killDriver(org.testng.ITestResult)[pri:0, instance:runner.WebRunner@1753acfe]" name="killDriver" is-config="true" duration-ms="2569" started-at="2022-01-02T18:11:29Z" finished-at="2022-01-02T18:11:32Z">
          <params>
            <param index="0">
              <value>
                <![CDATA[[TestResult name=runScenario status=FAILURE method=AbstractTestNGCucumberTests.runScenario(cucumber.api.testng.PickleEventWrapper, cucumber.api.testng.CucumberFeatureWrapper)[pri:0, instance:runner.WebRunner@1753acfe] output=<div "result">User open order page with &quot;de&quot; Language (PASSED : 5s)</div>]]]>
              </value>
            </param>
          </params>
          <reporter-output>
          </reporter-output>
        </test-method> <!-- killDriver -->
        <test-method status="PASS" signature="runScenario(cucumber.api.testng.PickleEventWrapper, cucumber.api.testng.CucumberFeatureWrapper)[pri:0, instance:runner.WebRunner@1753acfe]" name="runScenario" duration-ms="6684" started-at="2022-01-02T18:11:32Z" description="Runs Cucumber Scenarios" data-provider="scenarios" finished-at="2022-01-02T18:11:38Z">
          <params>
            <param index="0">
              <value>
                <![CDATA["Verify the planDetails"]]>
              </value>
            </param>
            <param index="1">
              <value>
                <![CDATA["En"]]>
              </value>
            </param>
          </params>
          <reporter-output>
            <line>
              <![CDATA[<div "result">User open order page with &quot;en&quot; Language (PASSED : 6s)</div>]]>
            </line>
            <line>
              <![CDATA[<div "result">User should see &quot;12 Months&quot; plan selected (PASSED : 0s)</div>]]>
            </line>
            <line>
              <![CDATA[<div "result">User should see list of plan (PASSED : 0s)</div>]]>
            </line>
            <line>
              <![CDATA[<div "result">User should see details of &quot;1 Month&quot; plan (PASSED : 0s)</div>]]>
            </line>
            <line>
              <![CDATA[<div "result">User should see details of &quot;6 Months&quot; plan (PASSED : 0s)</div>]]>
            </line>
            <line>
              <![CDATA[<div "result">User should see details of &quot;12 Months&quot; plan (PASSED : 0s)</div>]]>
            </line>
          </reporter-output>
        </test-method> <!-- runScenario -->
        <test-method status="PASS" signature="killDriver(org.testng.ITestResult)[pri:0, instance:runner.WebRunner@1753acfe]" name="killDriver" is-config="true" duration-ms="2465" started-at="2022-01-02T18:11:38Z" finished-at="2022-01-02T18:11:41Z">
          <params>
            <param index="0">
              <value>
                <![CDATA[[TestResult name=runScenario status=SUCCESS method=AbstractTestNGCucumberTests.runScenario(cucumber.api.testng.PickleEventWrapper, cucumber.api.testng.CucumberFeatureWrapper)[pri:0, instance:runner.WebRunner@1753acfe] output=<div "result">User open order page with &quot;en&quot; Language (PASSED : 6s)</div>]]]>
              </value>
            </param>
          </params>
          <reporter-output>
          </reporter-output>
        </test-method> <!-- killDriver -->
        <test-method status="PASS" signature="runScenario(cucumber.api.testng.PickleEventWrapper, cucumber.api.testng.CucumberFeatureWrapper)[pri:0, instance:runner.WebRunner@1753acfe]" name="runScenario" duration-ms="9286" started-at="2022-01-02T18:11:41Z" description="Runs Cucumber Scenarios" data-provider="scenarios" finished-at="2022-01-02T18:11:50Z">
          <params>
            <param index="0">
              <value>
                <![CDATA["Verify the selection of plan"]]>
              </value>
            </param>
            <param index="1">
              <value>
                <![CDATA["En"]]>
              </value>
            </param>
          </params>
          <reporter-output>
            <line>
              <![CDATA[<div "result">User open order page with &quot;en&quot; Language (PASSED : 8s)</div>]]>
            </line>
            <line>
              <![CDATA[<div "result">user select &quot;1 Month&quot; plan (PASSED : 0s)</div>]]>
            </line>
            <line>
              <![CDATA[<div "result">User should see &quot;1 Month&quot; plan selected (PASSED : 0s)</div>]]>
            </line>
            <line>
              <![CDATA[<div "result">User should able to see plan best Suggestion dialog (PASSED : 0s)</div>]]>
            </line>
            <line>
              <![CDATA[<div "result">user select &quot;6 Month&quot; plan (PASSED : 0s)</div>]]>
            </line>
            <line>
              <![CDATA[<div "result">User should see &quot;6 Months&quot; plan selected (PASSED : 0s)</div>]]>
            </line>
            <line>
              <![CDATA[<div "result">User should able to see plan best Suggestion dialog (PASSED : 0s)</div>]]>
            </line>
            <line>
              <![CDATA[<div "result">user select &quot;12 Months&quot; plan (PASSED : 0s)</div>]]>
            </line>
            <line>
              <![CDATA[<div "result">User should see &quot;12 Months&quot; plan selected (PASSED : 0s)</div>]]>
            </line>
            <line>
              <![CDATA[<div "result">User should not able to see plan best Suggestion dialog (PASSED : 0s)</div>]]>
            </line>
          </reporter-output>
        </test-method> <!-- runScenario -->
        <test-method status="PASS" signature="killDriver(org.testng.ITestResult)[pri:0, instance:runner.WebRunner@1753acfe]" name="killDriver" is-config="true" duration-ms="2440" started-at="2022-01-02T18:11:50Z" finished-at="2022-01-02T18:11:52Z">
          <params>
            <param index="0">
              <value>
                <![CDATA[[TestResult name=runScenario status=SUCCESS method=AbstractTestNGCucumberTests.runScenario(cucumber.api.testng.PickleEventWrapper, cucumber.api.testng.CucumberFeatureWrapper)[pri:0, instance:runner.WebRunner@1753acfe] output=<div "result">User open order page with &quot;en&quot; Language (PASSED : 8s)</div>]]]>
              </value>
            </param>
          </params>
          <reporter-output>
          </reporter-output>
        </test-method> <!-- killDriver -->
        <test-method status="FAIL" signature="runScenario(cucumber.api.testng.PickleEventWrapper, cucumber.api.testng.CucumberFeatureWrapper)[pri:0, instance:runner.WebRunner@1753acfe]" name="runScenario" duration-ms="8831" started-at="2022-01-02T18:11:52Z" description="Runs Cucumber Scenarios" data-provider="scenarios" finished-at="2022-01-02T18:12:01Z">
          <params>
            <param index="0">
              <value>
                <![CDATA["Verify no fill Validation message for Credit card"]]>
              </value>
            </param>
            <param index="1">
              <value>
                <![CDATA["En"]]>
              </value>
            </param>
          </params>
          <exception class="java.lang.IndexOutOfBoundsException">
            <message>
              <![CDATA[Index: 0, Size: 0]]>
            </message>
            <full-stacktrace>
              <![CDATA[java.lang.IndexOutOfBoundsException: Index: 0, Size: 0
	at java.util.ArrayList.rangeCheck(ArrayList.java:659)
	at java.util.ArrayList.get(ArrayList.java:435)
	at sun.reflect.NativeMethodAccessorImpl.invoke0(Native Method)
	at sun.reflect.NativeMethodAccessorImpl.invoke(NativeMethodAccessorImpl.java:62)
	at sun.reflect.DelegatingMethodAccessorImpl.invoke(DelegatingMethodAccessorImpl.java:43)
	at java.lang.reflect.Method.invoke(Method.java:498)
	at org.openqa.selenium.support.pagefactory.internal.LocatingElementListHandler.invoke(LocatingElementListHandler.java:39)
	at com.sun.proxy.$Proxy17.get(Unknown Source)
	at driverFactory.Web.DriverFactory.isElementListAvailable(DriverFactory.java:40)
	at Pages.Web.OrderPage.isCreditCardFormAppeared(OrderPage.java:168)
	at stepFiles.WebSteps.OrderPageSteps.itShouldOpenCreditCardDetailFillUpForm(OrderPageSteps.java:76)
	at ✽.it should open credit card detail fill up form(src/test/java/FeatureFiles/WebTest/En.feature:27)
]]>
            </full-stacktrace>
          </exception> <!-- java.lang.IndexOutOfBoundsException -->
          <reporter-output>
            <line>
              <![CDATA[<div "result">User open order page with &quot;en&quot; Language (PASSED : 8s)</div>]]>
            </line>
            <line>
              <![CDATA[<div "result">User scroll down the page to &quot;Credit Card&quot; payment type (PASSED : 0s)</div>]]>
            </line>
            <line>
              <![CDATA[<div "result">User select &quot;Credit Card&quot; payment type (PASSED : 0s)</div>]]>
            </line>
            <line>
              <![CDATA[<div "result">it should open credit card detail fill up form (FAILED : 0s)</div>]]>
            </line>
            <line>
              <![CDATA[<div "result">User click on &quot;Join Now&quot; button (SKIPPED)</div>]]>
            </line>
            <line>
              <![CDATA[<div "result">User should able to see no fill error for email (SKIPPED)</div>]]>
            </line>
            <line>
              <![CDATA[<div "result">User should able to see no fill error for credit card form all details (SKIPPED)</div>]]>
            </line>
          </reporter-output>
        </test-method> <!-- runScenario -->
        <test-method status="PASS" signature="killDriver(org.testng.ITestResult)[pri:0, instance:runner.WebRunner@1753acfe]" name="killDriver" is-config="true" duration-ms="2766" started-at="2022-01-02T18:12:01Z" finished-at="2022-01-02T18:12:04Z">
          <params>
            <param index="0">
              <value>
                <![CDATA[[TestResult name=runScenario status=FAILURE method=AbstractTestNGCucumberTests.runScenario(cucumber.api.testng.PickleEventWrapper, cucumber.api.testng.CucumberFeatureWrapper)[pri:0, instance:runner.WebRunner@1753acfe] output=<div "result">User open order page with &quot;en&quot; Language (PASSED : 8s)</div>]]]>
              </value>
            </param>
          </params>
          <reporter-output>
          </reporter-output>
        </test-method> <!-- killDriver -->
        <test-method status="PASS" signature="runScenario(cucumber.api.testng.PickleEventWrapper, cucumber.api.testng.CucumberFeatureWrapper)[pri:0, instance:runner.WebRunner@1753acfe]" name="runScenario" duration-ms="7704" started-at="2022-01-02T18:12:04Z" description="Runs Cucumber Scenarios" data-provider="scenarios" finished-at="2022-01-02T18:12:12Z">
          <params>
            <param index="0">
              <value>
                <![CDATA["Verify no fill Validation message for PayPal"]]>
              </value>
            </param>
            <param index="1">
              <value>
                <![CDATA["En"]]>
              </value>
            </param>
          </params>
          <reporter-output>
            <line>
              <![CDATA[<div "result">User open order page with &quot;en&quot; Language (PASSED : 7s)</div>]]>
            </line>
            <line>
              <![CDATA[<div "result">User scroll down the page to &quot;PayPal&quot; payment type (PASSED : 0s)</div>]]>
            </line>
            <line>
              <![CDATA[<div "result">User select &quot;PayPal&quot; payment type (PASSED : 0s)</div>]]>
            </line>
            <line>
              <![CDATA[<div "result">User should able to see &quot;Continue to PayPal&quot; button (PASSED : 0s)</div>]]>
            </line>
            <line>
              <![CDATA[<div "result">User click on &quot;Continue to PayPal&quot; button (PASSED : 0s)</div>]]>
            </line>
            <line>
              <![CDATA[<div "result">User should able to see no fill error for email (PASSED : 0s)</div>]]>
            </line>
          </reporter-output>
        </test-method> <!-- runScenario -->
        <test-method status="PASS" signature="killDriver(org.testng.ITestResult)[pri:0, instance:runner.WebRunner@1753acfe]" name="killDriver" is-config="true" duration-ms="2591" started-at="2022-01-02T18:12:12Z" finished-at="2022-01-02T18:12:14Z">
          <params>
            <param index="0">
              <value>
                <![CDATA[[TestResult name=runScenario status=SUCCESS method=AbstractTestNGCucumberTests.runScenario(cucumber.api.testng.PickleEventWrapper, cucumber.api.testng.CucumberFeatureWrapper)[pri:0, instance:runner.WebRunner@1753acfe] output=<div "result">User open order page with &quot;en&quot; Language (PASSED : 7s)</div>]]]>
              </value>
            </param>
          </params>
          <reporter-output>
          </reporter-output>
        </test-method> <!-- killDriver -->
        <test-method status="PASS" signature="runScenario(cucumber.api.testng.PickleEventWrapper, cucumber.api.testng.CucumberFeatureWrapper)[pri:0, instance:runner.WebRunner@1753acfe]" name="runScenario" duration-ms="6847" started-at="2022-01-02T18:12:14Z" description="Runs Cucumber Scenarios" data-provider="scenarios" finished-at="2022-01-02T18:12:21Z">
          <params>
            <param index="0">
              <value>
                <![CDATA["Verify no fill Validation message for Bitcoin"]]>
              </value>
            </param>
            <param index="1">
              <value>
                <![CDATA["En"]]>
              </value>
            </param>
          </params>
          <reporter-output>
            <line>
              <![CDATA[<div "result">User open order page with &quot;en&quot; Language (PASSED : 6s)</div>]]>
            </line>
            <line>
              <![CDATA[<div "result">User scroll down the page to &quot;Bitcoin&quot; payment type (PASSED : 0s)</div>]]>
            </line>
            <line>
              <![CDATA[<div "result">User select &quot;Bitcoin&quot; payment type (PASSED : 0s)</div>]]>
            </line>
            <line>
              <![CDATA[<div "result">User should able to see &quot;Continue to BitPay&quot; button (PASSED : 0s)</div>]]>
            </line>
            <line>
              <![CDATA[<div "result">User click on &quot;Continue to BitPay&quot; button (PASSED : 0s)</div>]]>
            </line>
            <line>
              <![CDATA[<div "result">User should able to see no fill error for email (PASSED : 0s)</div>]]>
            </line>
          </reporter-output>
        </test-method> <!-- runScenario -->
        <test-method status="PASS" signature="killDriver(org.testng.ITestResult)[pri:0, instance:runner.WebRunner@1753acfe]" name="killDriver" is-config="true" duration-ms="2570" started-at="2022-01-02T18:12:21Z" finished-at="2022-01-02T18:12:24Z">
          <params>
            <param index="0">
              <value>
                <![CDATA[[TestResult name=runScenario status=SUCCESS method=AbstractTestNGCucumberTests.runScenario(cucumber.api.testng.PickleEventWrapper, cucumber.api.testng.CucumberFeatureWrapper)[pri:0, instance:runner.WebRunner@1753acfe] output=<div "result">User open order page with &quot;en&quot; Language (PASSED : 6s)</div>]]]>
              </value>
            </param>
          </params>
          <reporter-output>
          </reporter-output>
        </test-method> <!-- killDriver -->
        <test-method status="PASS" signature="runScenario(cucumber.api.testng.PickleEventWrapper, cucumber.api.testng.CucumberFeatureWrapper)[pri:0, instance:runner.WebRunner@1753acfe]" name="runScenario" duration-ms="7344" started-at="2022-01-02T18:12:24Z" description="Runs Cucumber Scenarios" data-provider="scenarios" finished-at="2022-01-02T18:12:31Z">
          <params>
            <param index="0">
              <value>
                <![CDATA["Verify no fill Validation message for Other"]]>
              </value>
            </param>
            <param index="1">
              <value>
                <![CDATA["En"]]>
              </value>
            </param>
          </params>
          <reporter-output>
            <line>
              <![CDATA[<div "result">User open order page with &quot;en&quot; Language (PASSED : 6s)</div>]]>
            </line>
            <line>
              <![CDATA[<div "result">User scroll down the page to &quot;Other&quot; payment type (PASSED : 0s)</div>]]>
            </line>
            <line>
              <![CDATA[<div "result">User select &quot;Other&quot; payment type (PASSED : 0s)</div>]]>
            </line>
            <line>
              <![CDATA[<div "result">User should able to see &quot;Continue to Paymentwall&quot; button (PASSED : 0s)</div>]]>
            </line>
            <line>
              <![CDATA[<div "result">User click on &quot;Continue to Paymentwall&quot; button (PASSED : 0s)</div>]]>
            </line>
            <line>
              <![CDATA[<div "result">User should able to see no fill error for email (PASSED : 0s)</div>]]>
            </line>
          </reporter-output>
        </test-method> <!-- runScenario -->
        <test-method status="PASS" signature="killDriver(org.testng.ITestResult)[pri:0, instance:runner.WebRunner@1753acfe]" name="killDriver" is-config="true" duration-ms="2574" started-at="2022-01-02T18:12:31Z" finished-at="2022-01-02T18:12:34Z">
          <params>
            <param index="0">
              <value>
                <![CDATA[[TestResult name=runScenario status=SUCCESS method=AbstractTestNGCucumberTests.runScenario(cucumber.api.testng.PickleEventWrapper, cucumber.api.testng.CucumberFeatureWrapper)[pri:0, instance:runner.WebRunner@1753acfe] output=<div "result">User open order page with &quot;en&quot; Language (PASSED : 6s)</div>]]]>
              </value>
            </param>
          </params>
          <reporter-output>
          </reporter-output>
        </test-method> <!-- killDriver -->
        <test-method status="FAIL" signature="runScenario(cucumber.api.testng.PickleEventWrapper, cucumber.api.testng.CucumberFeatureWrapper)[pri:0, instance:runner.WebRunner@1753acfe]" name="runScenario" duration-ms="6073" started-at="2022-01-02T18:12:34Z" description="Runs Cucumber Scenarios" data-provider="scenarios" finished-at="2022-01-02T18:12:40Z">
          <params>
            <param index="0">
              <value>
                <![CDATA["Verify Validation message for invalid values"]]>
              </value>
            </param>
            <param index="1">
              <value>
                <![CDATA["En"]]>
              </value>
            </param>
          </params>
          <exception class="org.openqa.selenium.ElementNotInteractableException">
            <message>
              <![CDATA[element not interactable
  (Session info: chrome=96.0.4664.110)
Build info: version: '3.13.0', revision: '2f0d292', time: '2018-06-25T15:24:21.231Z'
System info: host: 'L1123.local', ip: 'fe80:0:0:0:d8:e797:8e2b:ab6%en0', os.name: 'Mac OS X', os.arch: 'x86_64', os.version: '10.16', java.version: '1.8.0_275'
Driver info: org.openqa.selenium.chrome.ChromeDriver
Capabilities {acceptInsecureCerts: false, browserName: chrome, browserVersion: 96.0.4664.110, chrome: {chromedriverVersion: 96.0.4664.45 (76e4c1bb2ab46..., userDataDir: /var/folders/cq/kq1r5w9s3l1...}, goog:chromeOptions: {debuggerAddress: localhost:63048}, javascriptEnabled: true, networkConnectionEnabled: false, pageLoadStrategy: normal, platform: MAC, platformName: MAC, proxy: Proxy(), setWindowRect: true, strictFileInteractability: false, timeouts: {implicit: 0, pageLoad: 300000, script: 30000}, unhandledPromptBehavior: dismiss and notify, webauthn:extension:credBlob: true, webauthn:extension:largeBlob: true, webauthn:virtualAuthenticators: true}
Session ID: f485b2a33cc90cbbfb5d2d3a72880bd5]]>
            </message>
            <full-stacktrace>
              <![CDATA[org.openqa.selenium.ElementNotInteractableException: element not interactable
  (Session info: chrome=96.0.4664.110)
Build info: version: '3.13.0', revision: '2f0d292', time: '2018-06-25T15:24:21.231Z'
System info: host: 'L1123.local', ip: 'fe80:0:0:0:d8:e797:8e2b:ab6%en0', os.name: 'Mac OS X', os.arch: 'x86_64', os.version: '10.16', java.version: '1.8.0_275'
Driver info: org.openqa.selenium.chrome.ChromeDriver
Capabilities {acceptInsecureCerts: false, browserName: chrome, browserVersion: 96.0.4664.110, chrome: {chromedriverVersion: 96.0.4664.45 (76e4c1bb2ab46..., userDataDir: /var/folders/cq/kq1r5w9s3l1...}, goog:chromeOptions: {debuggerAddress: localhost:63048}, javascriptEnabled: true, networkConnectionEnabled: false, pageLoadStrategy: normal, platform: MAC, platformName: MAC, proxy: Proxy(), setWindowRect: true, strictFileInteractability: false, timeouts: {implicit: 0, pageLoad: 300000, script: 30000}, unhandledPromptBehavior: dismiss and notify, webauthn:extension:credBlob: true, webauthn:extension:largeBlob: true, webauthn:virtualAuthenticators: true}
Session ID: f485b2a33cc90cbbfb5d2d3a72880bd5
	at sun.reflect.NativeConstructorAccessorImpl.newInstance0(Native Method)
	at sun.reflect.NativeConstructorAccessorImpl.newInstance(NativeConstructorAccessorImpl.java:62)
	at sun.reflect.DelegatingConstructorAccessorImpl.newInstance(DelegatingConstructorAccessorImpl.java:45)
	at java.lang.reflect.Constructor.newInstance(Constructor.java:423)
	at org.openqa.selenium.remote.http.W3CHttpResponseCodec.createException(W3CHttpResponseCodec.java:187)
	at org.openqa.selenium.remote.http.W3CHttpResponseCodec.decode(W3CHttpResponseCodec.java:122)
	at org.openqa.selenium.remote.http.W3CHttpResponseCodec.decode(W3CHttpResponseCodec.java:49)
	at org.openqa.selenium.remote.HttpCommandExecutor.execute(HttpCommandExecutor.java:158)
	at org.openqa.selenium.remote.service.DriverCommandExecutor.execute(DriverCommandExecutor.java:83)
	at org.openqa.selenium.remote.RemoteWebDriver.execute(RemoteWebDriver.java:548)
	at org.openqa.selenium.remote.RemoteWebElement.execute(RemoteWebElement.java:276)
	at org.openqa.selenium.remote.RemoteWebElement.clear(RemoteWebElement.java:118)
	at sun.reflect.NativeMethodAccessorImpl.invoke0(Native Method)
	at sun.reflect.NativeMethodAccessorImpl.invoke(NativeMethodAccessorImpl.java:62)
	at sun.reflect.DelegatingMethodAccessorImpl.invoke(DelegatingMethodAccessorImpl.java:43)
	at java.lang.reflect.Method.invoke(Method.java:498)
	at org.openqa.selenium.support.pagefactory.internal.LocatingElementHandler.invoke(LocatingElementHandler.java:51)
	at com.sun.proxy.$Proxy18.clear(Unknown Source)
	at Pages.Web.OrderPage.enterCreditCardNumber(OrderPage.java:257)
	at stepFiles.WebSteps.OrderPageSteps.userEnterCreditCardNumberAs(OrderPageSteps.java:127)
	at ✽.User enter credit card number as "12"(src/test/java/FeatureFiles/WebTest/En.feature:58)
]]>
            </full-stacktrace>
          </exception> <!-- org.openqa.selenium.ElementNotInteractableException -->
          <reporter-output>
            <line>
              <![CDATA[<div "result">User open order page with &quot;en&quot; Language (PASSED : 5s)</div>]]>
            </line>
            <line>
              <![CDATA[<div "result">User enter email address as &quot;test&quot; (PASSED : 0s)</div>]]>
            </line>
            <line>
              <![CDATA[<div "result">User should able to error for invalid email address (PASSED : 0s)</div>]]>
            </line>
            <line>
              <![CDATA[<div "result">User scroll down the page to &quot;Credit Card&quot; payment type (PASSED : 0s)</div>]]>
            </line>
            <line>
              <![CDATA[<div "result">User select &quot;Credit Card&quot; payment type (PASSED : 0s)</div>]]>
            </line>
            <line>
              <![CDATA[<div "result">User enter credit card number as &quot;12&quot; (FAILED : 0s)</div>]]>
            </line>
            <line>
              <![CDATA[<div "result">User enter cvv as &quot;12&quot; (SKIPPED)</div>]]>
            </line>
            <line>
              <![CDATA[<div "result">User should able to error for invalid card number (SKIPPED)</div>]]>
            </line>
            <line>
              <![CDATA[<div "result">User should able to error for invalid cvv (SKIPPED)</div>]]>
            </line>
          </reporter-output>
        </test-method> <!-- runScenario -->
        <test-method status="PASS" signature="killDriver(org.testng.ITestResult)[pri:0, instance:runner.WebRunner@1753acfe]" name="killDriver" is-config="true" duration-ms="2647" started-at="2022-01-02T18:12:40Z" finished-at="2022-01-02T18:12:42Z">
          <params>
            <param index="0">
              <value>
                <![CDATA[[TestResult name=runScenario status=FAILURE method=AbstractTestNGCucumberTests.runScenario(cucumber.api.testng.PickleEventWrapper, cucumber.api.testng.CucumberFeatureWrapper)[pri:0, instance:runner.WebRunner@1753acfe] output=<div "result">User open order page with &quot;en&quot; Language (PASSED : 5s)</div>]]]>
              </value>
            </param>
          </params>
          <reporter-output>
          </reporter-output>
        </test-method> <!-- killDriver -->
        <test-method status="PASS" signature="tearDownClass()[pri:0, instance:runner.WebRunner@1753acfe]" name="tearDownClass" is-config="true" duration-ms="14" started-at="2022-01-02T18:12:42Z" finished-at="2022-01-02T18:12:42Z">
          <reporter-output>
          </reporter-output>
        </test-method> <!-- tearDownClass -->
        <test-method status="PASS" signature="generateHTMLReports()[pri:0, instance:runner.WebRunner@1753acfe]" name="generateHTMLReports" is-config="true" duration-ms="732" started-at="2022-01-02T18:12:43Z" finished-at="2022-01-02T18:12:43Z">
          <reporter-output>
          </reporter-output>
        </test-method> <!-- generateHTMLReports -->
      </class> <!-- runner.WebRunner -->
    </test> <!-- Express VPN Test -->
  </suite> <!-- BDD Test Suite -->
</testng-results>
