<?xml version="1.0" encoding="UTF-8"?>
<testsuite xmlns:xsi="http://www.w3.org/2001/XMLSchema-instance" xsi:noNamespaceSchemaLocation="https://maven.apache.org/surefire/maven-surefire-plugin/xsd/surefire-test-report-3.0.xsd" version="3.0" name="TestSuite" time="149.883" tests="14" errors="0" skipped="0" failures="7">
  <properties>
    <property name="gopherProxySet" value="false"/>
    <property name="awt.toolkit" value="sun.lwawt.macosx.LWCToolkit"/>
    <property name="file.encoding.pkg" value="sun.io"/>
    <property name="java.specification.version" value="1.8"/>
    <property name="sun.cpu.isalist" value=""/>
    <property name="sun.jnu.encoding" value="UTF-8"/>
    <property name="java.class.path" value="/Users/nishant/nishantoo36-Cucumber_Proj/target/test-classes:/Users/nishant/nishantoo36-Cucumber_Proj/target/classes:/Users/nishant/.m2/repository/io/github/bonigarcia/webdrivermanager/4.0.0/webdrivermanager-4.0.0.jar:/Users/nishant/.m2/repository/org/slf4j/slf4j-api/1.7.30/slf4j-api-1.7.30.jar:/Users/nishant/.m2/repository/com/google/code/gson/gson/2.8.6/gson-2.8.6.jar:/Users/nishant/.m2/repository/org/apache/httpcomponents/client5/httpclient5/5.0/httpclient5-5.0.jar:/Users/nishant/.m2/repository/org/apache/httpcomponents/core5/httpcore5/5.0/httpcore5-5.0.jar:/Users/nishant/.m2/repository/org/apache/httpcomponents/core5/httpcore5-h2/5.0/httpcore5-h2-5.0.jar:/Users/nishant/.m2/repository/org/rauschig/jarchivelib/1.0.0/jarchivelib-1.0.0.jar:/Users/nishant/.m2/repository/org/apache/commons/commons-compress/1.18/commons-compress-1.18.jar:/Users/nishant/.m2/repository/org/jsoup/jsoup/1.13.1/jsoup-1.13.1.jar:/Users/nishant/.m2/repository/info/cukes/gherkin/2.12.2/gherkin-2.12.2.jar:/Users/nishant/.m2/repository/org/seleniumhq/selenium/selenium-java/3.13.0/selenium-java-3.13.0.jar:/Users/nishant/.m2/repository/org/seleniumhq/selenium/selenium-api/3.13.0/selenium-api-3.13.0.jar:/Users/nishant/.m2/repository/org/seleniumhq/selenium/selenium-chrome-driver/3.13.0/selenium-chrome-driver-3.13.0.jar:/Users/nishant/.m2/repository/org/seleniumhq/selenium/selenium-edge-driver/3.13.0/selenium-edge-driver-3.13.0.jar:/Users/nishant/.m2/repository/org/seleniumhq/selenium/selenium-firefox-driver/3.13.0/selenium-firefox-driver-3.13.0.jar:/Users/nishant/.m2/repository/org/seleniumhq/selenium/selenium-ie-driver/3.13.0/selenium-ie-driver-3.13.0.jar:/Users/nishant/.m2/repository/org/seleniumhq/selenium/selenium-opera-driver/3.13.0/selenium-opera-driver-3.13.0.jar:/Users/nishant/.m2/repository/org/seleniumhq/selenium/selenium-remote-driver/3.13.0/selenium-remote-driver-3.13.0.jar:/Users/nishant/.m2/repository/org/seleniumhq/selenium/selenium-safari-driver/3.13.0/selenium-safari-driver-3.13.0.jar:/Users/nishant/.m2/repository/org/seleniumhq/selenium/selenium-support/3.13.0/selenium-support-3.13.0.jar:/Users/nishant/.m2/repository/net/bytebuddy/byte-buddy/1.8.3/byte-buddy-1.8.3.jar:/Users/nishant/.m2/repository/org/apache/commons/commons-exec/1.3/commons-exec-1.3.jar:/Users/nishant/.m2/repository/commons-codec/commons-codec/1.10/commons-codec-1.10.jar:/Users/nishant/.m2/repository/org/apache/httpcomponents/httpclient/4.5.5/httpclient-4.5.5.jar:/Users/nishant/.m2/repository/org/apache/httpcomponents/httpcore/4.4.9/httpcore-4.4.9.jar:/Users/nishant/.m2/repository/com/squareup/okhttp3/okhttp/3.10.0/okhttp-3.10.0.jar:/Users/nishant/.m2/repository/com/squareup/okio/okio/1.14.1/okio-1.14.1.jar:/Users/nishant/.m2/repository/io/appium/java-client/6.1.0/java-client-6.1.0.jar:/Users/nishant/.m2/repository/cglib/cglib/3.2.6/cglib-3.2.6.jar:/Users/nishant/.m2/repository/org/ow2/asm/asm/6.0/asm-6.0.jar:/Users/nishant/.m2/repository/commons-validator/commons-validator/1.6/commons-validator-1.6.jar:/Users/nishant/.m2/repository/commons-beanutils/commons-beanutils/1.9.2/commons-beanutils-1.9.2.jar:/Users/nishant/.m2/repository/commons-digester/commons-digester/1.8.1/commons-digester-1.8.1.jar:/Users/nishant/.m2/repository/commons-collections/commons-collections/3.2.2/commons-collections-3.2.2.jar:/Users/nishant/.m2/repository/org/springframework/spring-context/5.0.5.RELEASE/spring-context-5.0.5.RELEASE.jar:/Users/nishant/.m2/repository/org/springframework/spring-aop/5.0.5.RELEASE/spring-aop-5.0.5.RELEASE.jar:/Users/nishant/.m2/repository/org/springframework/spring-beans/5.0.5.RELEASE/spring-beans-5.0.5.RELEASE.jar:/Users/nishant/.m2/repository/org/springframework/spring-core/5.0.5.RELEASE/spring-core-5.0.5.RELEASE.jar:/Users/nishant/.m2/repository/org/springframework/spring-jcl/5.0.5.RELEASE/spring-jcl-5.0.5.RELEASE.jar:/Users/nishant/.m2/repository/org/springframework/spring-expression/5.0.5.RELEASE/spring-expression-5.0.5.RELEASE.jar:/Users/nishant/.m2/repository/org/aspectj/aspectjweaver/1.9.1/aspectjweaver-1.9.1.jar:/Users/nishant/.m2/repository/org/openpnp/opencv/3.2.0-1/opencv-3.2.0-1.jar:/Users/nishant/.m2/repository/io/cucumber/cucumber-java/2.0.0/cucumber-java-2.0.0.jar:/Users/nishant/.m2/repository/io/cucumber/cucumber-core/2.0.0/cucumber-core-2.0.0.jar:/Users/nishant/.m2/repository/info/cukes/cucumber-html/0.2.6/cucumber-html-0.2.6.jar:/Users/nishant/.m2/repository/io/cucumber/tag-expressions/1.0.1/tag-expressions-1.0.1.jar:/Users/nishant/.m2/repository/com/google/guava/guava/29.0-jre/guava-29.0-jre.jar:/Users/nishant/.m2/repository/com/google/guava/failureaccess/1.0.1/failureaccess-1.0.1.jar:/Users/nishant/.m2/repository/com/google/guava/listenablefuture/9999.0-empty-to-avoid-conflict-with-guava/listenablefuture-9999.0-empty-to-avoid-conflict-with-guava.jar:/Users/nishant/.m2/repository/com/google/code/findbugs/jsr305/3.0.2/jsr305-3.0.2.jar:/Users/nishant/.m2/repository/org/checkerframework/checker-qual/2.11.1/checker-qual-2.11.1.jar:/Users/nishant/.m2/repository/com/google/errorprone/error_prone_annotations/2.3.4/error_prone_annotations-2.3.4.jar:/Users/nishant/.m2/repository/com/google/j2objc/j2objc-annotations/1.3/j2objc-annotations-1.3.jar:/Users/nishant/.m2/repository/io/cucumber/cucumber-picocontainer/2.1.0/cucumber-picocontainer-2.1.0.jar:/Users/nishant/.m2/repository/io/cucumber/gherkin/5.0.0/gherkin-5.0.0.jar:/Users/nishant/.m2/repository/org/picocontainer/picocontainer/2.15/picocontainer-2.15.jar:/Users/nishant/.m2/repository/io/cucumber/cucumber-testng/2.0.0/cucumber-testng-2.0.0.jar:/Users/nishant/.m2/repository/org/testng/testng/6.9.9/testng-6.9.9.jar:/Users/nishant/.m2/repository/junit/junit/4.10/junit-4.10.jar:/Users/nishant/.m2/repository/org/hamcrest/hamcrest-core/1.1/hamcrest-core-1.1.jar:/Users/nishant/.m2/repository/com/beust/jcommander/1.48/jcommander-1.48.jar:/Users/nishant/.m2/repository/org/apache/ant/ant/1.7.0/ant-1.7.0.jar:/Users/nishant/.m2/repository/org/apache/ant/ant-launcher/1.7.0/ant-launcher-1.7.0.jar:/Users/nishant/.m2/repository/org/yaml/snakeyaml/1.15/snakeyaml-1.15.jar:/Users/nishant/.m2/repository/org/beanshell/bsh/2.0b4/bsh-2.0b4.jar:/Users/nishant/.m2/repository/net/masterthought/cucumber-reporting/4.0.0/cucumber-reporting-4.0.0.jar:/Users/nishant/.m2/repository/com/fasterxml/jackson/core/jackson-databind/2.9.6/jackson-databind-2.9.6.jar:/Users/nishant/.m2/repository/com/fasterxml/jackson/core/jackson-annotations/2.9.0/jackson-annotations-2.9.0.jar:/Users/nishant/.m2/repository/com/fasterxml/jackson/core/jackson-core/2.9.6/jackson-core-2.9.6.jar:/Users/nishant/.m2/repository/org/apache/velocity/velocity/1.7/velocity-1.7.jar:/Users/nishant/.m2/repository/commons-lang/commons-lang/2.4/commons-lang-2.4.jar:/Users/nishant/.m2/repository/velocity-tools/velocity-tools/1.4/velocity-tools-1.4.jar:/Users/nishant/.m2/repository/joda-time/joda-time/2.10/joda-time-2.10.jar:/Users/nishant/.m2/repository/net/lingala/zip4j/zip4j/1.3.2/zip4j-1.3.2.jar:/Users/nishant/.m2/repository/org/codehaus/plexus/plexus-utils/3.1.0/plexus-utils-3.1.0.jar:/Users/nishant/.m2/repository/com/googlecode/owasp-java-html-sanitizer/owasp-java-html-sanitizer/20180219.1/owasp-java-html-sanitizer-20180219.1.jar:/Users/nishant/.m2/repository/commons-configuration/commons-configuration/1.10/commons-configuration-1.10.jar:/Users/nishant/.m2/repository/org/jetbrains/annotations/16.0.1/annotations-16.0.1.jar:/Users/nishant/.m2/repository/io/cucumber/cucumber-jvm-deps/1.0.6/cucumber-jvm-deps-1.0.6.jar:/Users/nishant/.m2/repository/commons-io/commons-io/2.4/commons-io-2.4.jar:/Users/nishant/.m2/repository/org/apache/commons/commons-lang3/3.8/commons-lang3-3.8.jar:/Users/nishant/.m2/repository/commons-logging/commons-logging/1.1.3/commons-logging-1.1.3.jar:/Users/nishant/.m2/repository/com/googlecode/json-simple/json-simple/1.1.1/json-simple-1.1.1.jar:"/>
    <property name="java.vm.vendor" value="AdoptOpenJDK"/>
    <property name="sun.arch.data.model" value="64"/>
    <property name="java.vendor.url" value="https://adoptopenjdk.net/"/>
    <property name="user.timezone" value=""/>
    <property name="java.vm.specification.version" value="1.8"/>
    <property name="os.name" value="Mac OS X"/>
    <property name="user.country" value="IN"/>
    <property name="sun.java.launcher" value="SUN_STANDARD"/>
    <property name="sun.boot.library.path" value="/Library/Java/JavaVirtualMachines/adoptopenjdk-8.jdk/Contents/Home/jre/lib"/>
    <property name="sun.java.command" value="/Users/nishant/nishantoo36-Cucumber_Proj/target/surefire/surefirebooter6377569729647823705.jar /Users/nishant/nishantoo36-Cucumber_Proj/target/surefire 2022-01-02T18-10-14_228-jvmRun1 surefire8181701397541195796tmp surefire_03616386976796407712tmp"/>
    <property name="surefire.test.class.path" value="/Users/nishant/nishantoo36-Cucumber_Proj/target/test-classes:/Users/nishant/nishantoo36-Cucumber_Proj/target/classes:/Users/nishant/.m2/repository/io/github/bonigarcia/webdrivermanager/4.0.0/webdrivermanager-4.0.0.jar:/Users/nishant/.m2/repository/org/slf4j/slf4j-api/1.7.30/slf4j-api-1.7.30.jar:/Users/nishant/.m2/repository/com/google/code/gson/gson/2.8.6/gson-2.8.6.jar:/Users/nishant/.m2/repository/org/apache/httpcomponents/client5/httpclient5/5.0/httpclient5-5.0.jar:/Users/nishant/.m2/repository/org/apache/httpcomponents/core5/httpcore5/5.0/httpcore5-5.0.jar:/Users/nishant/.m2/repository/org/apache/httpcomponents/core5/httpcore5-h2/5.0/httpcore5-h2-5.0.jar:/Users/nishant/.m2/repository/org/rauschig/jarchivelib/1.0.0/jarchivelib-1.0.0.jar:/Users/nishant/.m2/repository/org/apache/commons/commons-compress/1.18/commons-compress-1.18.jar:/Users/nishant/.m2/repository/org/jsoup/jsoup/1.13.1/jsoup-1.13.1.jar:/Users/nishant/.m2/repository/info/cukes/gherkin/2.12.2/gherkin-2.12.2.jar:/Users/nishant/.m2/repository/org/seleniumhq/selenium/selenium-java/3.13.0/selenium-java-3.13.0.jar:/Users/nishant/.m2/repository/org/seleniumhq/selenium/selenium-api/3.13.0/selenium-api-3.13.0.jar:/Users/nishant/.m2/repository/org/seleniumhq/selenium/selenium-chrome-driver/3.13.0/selenium-chrome-driver-3.13.0.jar:/Users/nishant/.m2/repository/org/seleniumhq/selenium/selenium-edge-driver/3.13.0/selenium-edge-driver-3.13.0.jar:/Users/nishant/.m2/repository/org/seleniumhq/selenium/selenium-firefox-driver/3.13.0/selenium-firefox-driver-3.13.0.jar:/Users/nishant/.m2/repository/org/seleniumhq/selenium/selenium-ie-driver/3.13.0/selenium-ie-driver-3.13.0.jar:/Users/nishant/.m2/repository/org/seleniumhq/selenium/selenium-opera-driver/3.13.0/selenium-opera-driver-3.13.0.jar:/Users/nishant/.m2/repository/org/seleniumhq/selenium/selenium-remote-driver/3.13.0/selenium-remote-driver-3.13.0.jar:/Users/nishant/.m2/repository/org/seleniumhq/selenium/selenium-safari-driver/3.13.0/selenium-safari-driver-3.13.0.jar:/Users/nishant/.m2/repository/org/seleniumhq/selenium/selenium-support/3.13.0/selenium-support-3.13.0.jar:/Users/nishant/.m2/repository/net/bytebuddy/byte-buddy/1.8.3/byte-buddy-1.8.3.jar:/Users/nishant/.m2/repository/org/apache/commons/commons-exec/1.3/commons-exec-1.3.jar:/Users/nishant/.m2/repository/commons-codec/commons-codec/1.10/commons-codec-1.10.jar:/Users/nishant/.m2/repository/org/apache/httpcomponents/httpclient/4.5.5/httpclient-4.5.5.jar:/Users/nishant/.m2/repository/org/apache/httpcomponents/httpcore/4.4.9/httpcore-4.4.9.jar:/Users/nishant/.m2/repository/com/squareup/okhttp3/okhttp/3.10.0/okhttp-3.10.0.jar:/Users/nishant/.m2/repository/com/squareup/okio/okio/1.14.1/okio-1.14.1.jar:/Users/nishant/.m2/repository/io/appium/java-client/6.1.0/java-client-6.1.0.jar:/Users/nishant/.m2/repository/cglib/cglib/3.2.6/cglib-3.2.6.jar:/Users/nishant/.m2/repository/org/ow2/asm/asm/6.0/asm-6.0.jar:/Users/nishant/.m2/repository/commons-validator/commons-validator/1.6/commons-validator-1.6.jar:/Users/nishant/.m2/repository/commons-beanutils/commons-beanutils/1.9.2/commons-beanutils-1.9.2.jar:/Users/nishant/.m2/repository/commons-digester/commons-digester/1.8.1/commons-digester-1.8.1.jar:/Users/nishant/.m2/repository/commons-collections/commons-collections/3.2.2/commons-collections-3.2.2.jar:/Users/nishant/.m2/repository/org/springframework/spring-context/5.0.5.RELEASE/spring-context-5.0.5.RELEASE.jar:/Users/nishant/.m2/repository/org/springframework/spring-aop/5.0.5.RELEASE/spring-aop-5.0.5.RELEASE.jar:/Users/nishant/.m2/repository/org/springframework/spring-beans/5.0.5.RELEASE/spring-beans-5.0.5.RELEASE.jar:/Users/nishant/.m2/repository/org/springframework/spring-core/5.0.5.RELEASE/spring-core-5.0.5.RELEASE.jar:/Users/nishant/.m2/repository/org/springframework/spring-jcl/5.0.5.RELEASE/spring-jcl-5.0.5.RELEASE.jar:/Users/nishant/.m2/repository/org/springframework/spring-expression/5.0.5.RELEASE/spring-expression-5.0.5.RELEASE.jar:/Users/nishant/.m2/repository/org/aspectj/aspectjweaver/1.9.1/aspectjweaver-1.9.1.jar:/Users/nishant/.m2/repository/org/openpnp/opencv/3.2.0-1/opencv-3.2.0-1.jar:/Users/nishant/.m2/repository/io/cucumber/cucumber-java/2.0.0/cucumber-java-2.0.0.jar:/Users/nishant/.m2/repository/io/cucumber/cucumber-core/2.0.0/cucumber-core-2.0.0.jar:/Users/nishant/.m2/repository/info/cukes/cucumber-html/0.2.6/cucumber-html-0.2.6.jar:/Users/nishant/.m2/repository/io/cucumber/tag-expressions/1.0.1/tag-expressions-1.0.1.jar:/Users/nishant/.m2/repository/com/google/guava/guava/29.0-jre/guava-29.0-jre.jar:/Users/nishant/.m2/repository/com/google/guava/failureaccess/1.0.1/failureaccess-1.0.1.jar:/Users/nishant/.m2/repository/com/google/guava/listenablefuture/9999.0-empty-to-avoid-conflict-with-guava/listenablefuture-9999.0-empty-to-avoid-conflict-with-guava.jar:/Users/nishant/.m2/repository/com/google/code/findbugs/jsr305/3.0.2/jsr305-3.0.2.jar:/Users/nishant/.m2/repository/org/checkerframework/checker-qual/2.11.1/checker-qual-2.11.1.jar:/Users/nishant/.m2/repository/com/google/errorprone/error_prone_annotations/2.3.4/error_prone_annotations-2.3.4.jar:/Users/nishant/.m2/repository/com/google/j2objc/j2objc-annotations/1.3/j2objc-annotations-1.3.jar:/Users/nishant/.m2/repository/io/cucumber/cucumber-picocontainer/2.1.0/cucumber-picocontainer-2.1.0.jar:/Users/nishant/.m2/repository/io/cucumber/gherkin/5.0.0/gherkin-5.0.0.jar:/Users/nishant/.m2/repository/org/picocontainer/picocontainer/2.15/picocontainer-2.15.jar:/Users/nishant/.m2/repository/io/cucumber/cucumber-testng/2.0.0/cucumber-testng-2.0.0.jar:/Users/nishant/.m2/repository/org/testng/testng/6.9.9/testng-6.9.9.jar:/Users/nishant/.m2/repository/junit/junit/4.10/junit-4.10.jar:/Users/nishant/.m2/repository/org/hamcrest/hamcrest-core/1.1/hamcrest-core-1.1.jar:/Users/nishant/.m2/repository/com/beust/jcommander/1.48/jcommander-1.48.jar:/Users/nishant/.m2/repository/org/apache/ant/ant/1.7.0/ant-1.7.0.jar:/Users/nishant/.m2/repository/org/apache/ant/ant-launcher/1.7.0/ant-launcher-1.7.0.jar:/Users/nishant/.m2/repository/org/yaml/snakeyaml/1.15/snakeyaml-1.15.jar:/Users/nishant/.m2/repository/org/beanshell/bsh/2.0b4/bsh-2.0b4.jar:/Users/nishant/.m2/repository/net/masterthought/cucumber-reporting/4.0.0/cucumber-reporting-4.0.0.jar:/Users/nishant/.m2/repository/com/fasterxml/jackson/core/jackson-databind/2.9.6/jackson-databind-2.9.6.jar:/Users/nishant/.m2/repository/com/fasterxml/jackson/core/jackson-annotations/2.9.0/jackson-annotations-2.9.0.jar:/Users/nishant/.m2/repository/com/fasterxml/jackson/core/jackson-core/2.9.6/jackson-core-2.9.6.jar:/Users/nishant/.m2/repository/org/apache/velocity/velocity/1.7/velocity-1.7.jar:/Users/nishant/.m2/repository/commons-lang/commons-lang/2.4/commons-lang-2.4.jar:/Users/nishant/.m2/repository/velocity-tools/velocity-tools/1.4/velocity-tools-1.4.jar:/Users/nishant/.m2/repository/joda-time/joda-time/2.10/joda-time-2.10.jar:/Users/nishant/.m2/repository/net/lingala/zip4j/zip4j/1.3.2/zip4j-1.3.2.jar:/Users/nishant/.m2/repository/org/codehaus/plexus/plexus-utils/3.1.0/plexus-utils-3.1.0.jar:/Users/nishant/.m2/repository/com/googlecode/owasp-java-html-sanitizer/owasp-java-html-sanitizer/20180219.1/owasp-java-html-sanitizer-20180219.1.jar:/Users/nishant/.m2/repository/commons-configuration/commons-configuration/1.10/commons-configuration-1.10.jar:/Users/nishant/.m2/repository/org/jetbrains/annotations/16.0.1/annotations-16.0.1.jar:/Users/nishant/.m2/repository/io/cucumber/cucumber-jvm-deps/1.0.6/cucumber-jvm-deps-1.0.6.jar:/Users/nishant/.m2/repository/commons-io/commons-io/2.4/commons-io-2.4.jar:/Users/nishant/.m2/repository/org/apache/commons/commons-lang3/3.8/commons-lang3-3.8.jar:/Users/nishant/.m2/repository/commons-logging/commons-logging/1.1.3/commons-logging-1.1.3.jar:/Users/nishant/.m2/repository/com/googlecode/json-simple/json-simple/1.1.1/json-simple-1.1.1.jar:"/>
    <property name="sun.cpu.endian" value="little"/>
    <property name="user.home" value="/Users/nishant"/>
    <property name="user.language" value="en"/>
    <property name="java.specification.vendor" value="Oracle Corporation"/>
    <property name="java.home" value="/Library/Java/JavaVirtualMachines/adoptopenjdk-8.jdk/Contents/Home/jre"/>
    <property name="basedir" value="/Users/nishant/nishantoo36-Cucumber_Proj"/>
    <property name="file.separator" value="/"/>
    <property name="line.separator" value="&#10;"/>
    <property name="java.vm.specification.vendor" value="Oracle Corporation"/>
    <property name="java.specification.name" value="Java Platform API Specification"/>
    <property name="java.awt.graphicsenv" value="sun.awt.CGraphicsEnvironment"/>
    <property name="surefire.real.class.path" value="/Users/nishant/nishantoo36-Cucumber_Proj/target/surefire/surefirebooter6377569729647823705.jar"/>
    <property name="sun.boot.class.path" value="/Library/Java/JavaVirtualMachines/adoptopenjdk-8.jdk/Contents/Home/jre/lib/resources.jar:/Library/Java/JavaVirtualMachines/adoptopenjdk-8.jdk/Contents/Home/jre/lib/rt.jar:/Library/Java/JavaVirtualMachines/adoptopenjdk-8.jdk/Contents/Home/jre/lib/sunrsasign.jar:/Library/Java/JavaVirtualMachines/adoptopenjdk-8.jdk/Contents/Home/jre/lib/jsse.jar:/Library/Java/JavaVirtualMachines/adoptopenjdk-8.jdk/Contents/Home/jre/lib/jce.jar:/Library/Java/JavaVirtualMachines/adoptopenjdk-8.jdk/Contents/Home/jre/lib/charsets.jar:/Library/Java/JavaVirtualMachines/adoptopenjdk-8.jdk/Contents/Home/jre/lib/jfr.jar:/Library/Java/JavaVirtualMachines/adoptopenjdk-8.jdk/Contents/Home/jre/classes"/>
    <property name="sun.management.compiler" value="HotSpot 64-Bit Tiered Compilers"/>
    <property name="java.runtime.version" value="1.8.0_275-b01"/>
    <property name="user.name" value="nishant"/>
    <property name="path.separator" value=":"/>
    <property name="os.version" value="10.16"/>
    <property name="java.endorsed.dirs" value="/Library/Java/JavaVirtualMachines/adoptopenjdk-8.jdk/Contents/Home/jre/lib/endorsed"/>
    <property name="java.runtime.name" value="OpenJDK Runtime Environment"/>
    <property name="file.encoding" value="US-ASCII"/>
    <property name="java.vm.name" value="OpenJDK 64-Bit Server VM"/>
    <property name="localRepository" value="/Users/nishant/.m2/repository"/>
    <property name="java.vendor.url.bug" value="https://github.com/AdoptOpenJDK/openjdk-support/issues"/>
    <property name="java.io.tmpdir" value="/var/folders/cq/kq1r5w9s3l1gryn83mdn5kbm0000gq/T/"/>
    <property name="java.version" value="1.8.0_275"/>
    <property name="user.dir" value="/Users/nishant/nishantoo36-Cucumber_Proj"/>
    <property name="os.arch" value="x86_64"/>
    <property name="java.vm.specification.name" value="Java Virtual Machine Specification"/>
    <property name="java.awt.printerjob" value="sun.lwawt.macosx.CPrinterJob"/>
    <property name="sun.os.patch.level" value="unknown"/>
    <property name="java.library.path" value="/Users/nishant/Library/Java/Extensions:/Library/Java/Extensions:/Network/Library/Java/Extensions:/System/Library/Java/Extensions:/usr/lib/java:."/>
    <property name="java.vm.info" value="mixed mode"/>
    <property name="java.vendor" value="AdoptOpenJDK"/>
    <property name="java.vm.version" value="25.275-b01"/>
    <property name="java.ext.dirs" value="/Users/nishant/Library/Java/Extensions:/Library/Java/JavaVirtualMachines/adoptopenjdk-8.jdk/Contents/Home/jre/lib/ext:/Library/Java/Extensions:/Network/Library/Java/Extensions:/System/Library/Java/Extensions:/usr/lib/java"/>
    <property name="sun.io.unicode.encoding" value="UnicodeBig"/>
    <property name="java.class.version" value="52.0"/>
  </properties>
  <testcase name="runScenario" classname="runner.WebRunner" time="14.081"/>
  <testcase name="runScenario" classname="runner.WebRunner" time="8.179">
    <failure message="Plan Suggestion dialog not appeared expected [true] but found [false]" type="java.lang.AssertionError">java.lang.AssertionError: Plan Suggestion dialog not appeared expected [true] but found [false]
</failure>
    <system-out><![CDATA[
  Background:                                     # src/test/java/FeatureFiles/WebTest/De.feature:3
    Given User open order page with "de" Language # PreconditionSteps.userShouldBeOnHomePageWithLanguage(String)

  Scenario: Verify the selection of plan                        # src/test/java/FeatureFiles/WebTest/De.feature:13
    When user select "1 Monat" plan                             # OrderPageSteps.userSelectPlan(String)
    Then User should see "1 Monat" plan selected                # OrderPageSteps.userShouldSeePlanSelected(String)
    And User should able to see plan best Suggestion dialog     # OrderPageSteps.userShouldAbleToSeePlanBestSuggestionDialog()
      java.lang.AssertionError: Plan Suggestion dialog not appeared expected [true] but found [false]
	at org.testng.Assert.fail(Assert.java:94)
	at org.testng.Assert.failNotEquals(Assert.java:496)
	at org.testng.Assert.assertTrue(Assert.java:42)
	at stepFiles.WebSteps.OrderPageSteps.userShouldAbleToSeePlanBestSuggestionDialog(OrderPageSteps.java:60)
	at ?.User should able to see plan best Suggestion dialog(src/test/java/FeatureFiles/WebTest/De.feature:16)

    When user select "6 Monate" plan                            # OrderPageSteps.userSelectPlan(String)
    Then User should see "6 Monate" plan selected               # OrderPageSteps.userShouldSeePlanSelected(String)
    And User should able to see plan best Suggestion dialog     # OrderPageSteps.userShouldAbleToSeePlanBestSuggestionDialog()
    When user select "12 Monate" plan                           # OrderPageSteps.userSelectPlan(String)
    Then User should see "12 Monate" plan selected              # OrderPageSteps.userShouldSeePlanSelected(String)
    And User should not able to see plan best Suggestion dialog # OrderPageSteps.userShouldNotAbleToSeePlanBestSuggestionDialog()
]]></system-out>
    <system-err><![CDATA[Starting ChromeDriver 96.0.4664.45 (76e4c1bb2ab4671b8beba3444e61c0f17584b2fc-refs/branch-heads/4664@{#947}) on port 30956
Only local connections are allowed.
Please see https://chromedriver.chromium.org/security-considerations for suggestions on keeping ChromeDriver safe.
ChromeDriver was started successfully.
[1641127232.806][WARNING]: Deprecated chrome option is ignored: useAutomationExtension
[1641127232.806][WARNING]: Deprecated chrome option is ignored: useAutomationExtension
Jan 02, 2022 6:10:33 PM org.openqa.selenium.remote.ProtocolHandshake createSession
INFO: Detected dialect: W3C
]]></system-err>
  </testcase>
  <testcase name="runScenario" classname="runner.WebRunner" time="8.521">
    <failure message="All No fill error for credit card form are not appearing expected [true] but found [false]" type="java.lang.AssertionError">java.lang.AssertionError: All No fill error for credit card form are not appearing expected [true] but found [false]
</failure>
    <system-out><![CDATA[
  Background:                                     # src/test/java/FeatureFiles/WebTest/De.feature:3
    Given User open order page with "de" Language # PreconditionSteps.userShouldBeOnHomePageWithLanguage(String)

  Scenario: Verify no fill Validation message for Credit card                  # src/test/java/FeatureFiles/WebTest/De.feature:24
    When User scroll down the page to "Kreditkarte" payment type               # OrderPageSteps.userScrollDownThePageToPaymentType(String)
    When User select "Kreditkarte" payment type                                # OrderPageSteps.userSelectPaymentType(String)
    Then it should open credit card detail fill up form                        # OrderPageSteps.itShouldOpenCreditCardDetailFillUpForm()
    When User click on "Jetzt anmelden" button                                 # OrderPageSteps.userClickOnButton(String)
    Then User should able to see no fill error for email                       # OrderPageSteps.userShouldAbleToSeeNoFillErrorForEmail()
    And User should able to see no fill error for credit card form all details # OrderPageSteps.userShouldAbleToSeeNoFillErrorForCreditCardFormAllDetails()
      java.lang.AssertionError: All No fill error for credit card form are not appearing expected [true] but found [false]
	at org.testng.Assert.fail(Assert.java:94)
	at org.testng.Assert.failNotEquals(Assert.java:496)
	at org.testng.Assert.assertTrue(Assert.java:42)
	at stepFiles.WebSteps.OrderPageSteps.userShouldAbleToSeeNoFillErrorForCreditCardFormAllDetails(OrderPageSteps.java:87)
	at ?.User should able to see no fill error for credit card form all details(src/test/java/FeatureFiles/WebTest/De.feature:30)

]]></system-out>
    <system-err><![CDATA[Starting ChromeDriver 96.0.4664.45 (76e4c1bb2ab4671b8beba3444e61c0f17584b2fc-refs/branch-heads/4664@{#947}) on port 12825
Only local connections are allowed.
Please see https://chromedriver.chromium.org/security-considerations for suggestions on keeping ChromeDriver safe.
ChromeDriver was started successfully.
[1641127243.475][WARNING]: Deprecated chrome option is ignored: useAutomationExtension
[1641127243.475][WARNING]: Deprecated chrome option is ignored: useAutomationExtension
Jan 02, 2022 6:10:44 PM org.openqa.selenium.remote.ProtocolHandshake createSession
INFO: Detected dialect: W3C
]]></system-err>
  </testcase>
  <testcase name="runScenario" classname="runner.WebRunner" time="7.593">
    <failure message="element not interactable&#10;  (Session info: chrome=96.0.4664.110)&#10;Build info: version: &apos;3.13.0&apos;, revision: &apos;2f0d292&apos;, time: &apos;2018-06-25T15:24:21.231Z&apos;&#10;System info: host: &apos;L1123.local&apos;, ip: &apos;fe80:0:0:0:d8:e797:8e2b:ab6%en0&apos;, os.name: &apos;Mac OS X&apos;, os.arch: &apos;x86_64&apos;, os.version: &apos;10.16&apos;, java.version: &apos;1.8.0_275&apos;&#10;Driver info: org.openqa.selenium.chrome.ChromeDriver&#10;Capabilities {acceptInsecureCerts: false, browserName: chrome, browserVersion: 96.0.4664.110, chrome: {chromedriverVersion: 96.0.4664.45 (76e4c1bb2ab46..., userDataDir: /var/folders/cq/kq1r5w9s3l1...}, goog:chromeOptions: {debuggerAddress: localhost:62510}, javascriptEnabled: true, networkConnectionEnabled: false, pageLoadStrategy: normal, platform: MAC, platformName: MAC, proxy: Proxy(), setWindowRect: true, strictFileInteractability: false, timeouts: {implicit: 0, pageLoad: 300000, script: 30000}, unhandledPromptBehavior: dismiss and notify, webauthn:extension:credBlob: true, webauthn:extension:largeBlob: true, webauthn:virtualAuthenticators: true}&#10;Session ID: 9b4be4c7a5d53e0c63e09862a4e3c87e" type="org.openqa.selenium.ElementNotInteractableException">org.openqa.selenium.ElementNotInteractableException: 
element not interactable
  (Session info: chrome=96.0.4664.110)
Build info: version: '3.13.0', revision: '2f0d292', time: '2018-06-25T15:24:21.231Z'
System info: host: 'L1123.local', ip: 'fe80:0:0:0:d8:e797:8e2b:ab6%en0', os.name: 'Mac OS X', os.arch: 'x86_64', os.version: '10.16', java.version: '1.8.0_275'
Driver info: org.openqa.selenium.chrome.ChromeDriver
Capabilities {acceptInsecureCerts: false, browserName: chrome, browserVersion: 96.0.4664.110, chrome: {chromedriverVersion: 96.0.4664.45 (76e4c1bb2ab46..., userDataDir: /var/folders/cq/kq1r5w9s3l1...}, goog:chromeOptions: {debuggerAddress: localhost:62510}, javascriptEnabled: true, networkConnectionEnabled: false, pageLoadStrategy: normal, platform: MAC, platformName: MAC, proxy: Proxy(), setWindowRect: true, strictFileInteractability: false, timeouts: {implicit: 0, pageLoad: 300000, script: 30000}, unhandledPromptBehavior: dismiss and notify, webauthn:extension:credBlob: true, webauthn:extension:largeBlob: true, webauthn:virtualAuthenticators: true}
Session ID: 9b4be4c7a5d53e0c63e09862a4e3c87e
</failure>
    <system-out><![CDATA[
  Background:                                     # src/test/java/FeatureFiles/WebTest/De.feature:3
    Given User open order page with "de" Language # PreconditionSteps.userShouldBeOnHomePageWithLanguage(String)

  Scenario: Verify no fill Validation message for PayPal    # src/test/java/FeatureFiles/WebTest/De.feature:32
    When User scroll down the page to "PayPal" payment type # OrderPageSteps.userScrollDownThePageToPaymentType(String)
    When User select "PayPal" payment type                  # OrderPageSteps.userSelectPaymentType(String)
    Then User should able to see "Weiter zu PayPal" button  # OrderPageSteps.userShouldAbleToSeeButton(String)
    When User click on "Weiter zu PayPal" button            # OrderPageSteps.userClickOnButton(String)
      org.openqa.selenium.ElementNotInteractableException: element not interactable
  (Session info: chrome=96.0.4664.110)
Build info: version: '3.13.0', revision: '2f0d292', time: '2018-06-25T15:24:21.231Z'
System info: host: 'L1123.local', ip: 'fe80:0:0:0:d8:e797:8e2b:ab6%en0', os.name: 'Mac OS X', os.arch: 'x86_64', os.version: '10.16', java.version: '1.8.0_275'
Driver info: org.openqa.selenium.chrome.ChromeDriver
Capabilities {acceptInsecureCerts: false, browserName: chrome, browserVersion: 96.0.4664.110, chrome: {chromedriverVersion: 96.0.4664.45 (76e4c1bb2ab46..., userDataDir: /var/folders/cq/kq1r5w9s3l1...}, goog:chromeOptions: {debuggerAddress: localhost:62510}, javascriptEnabled: true, networkConnectionEnabled: false, pageLoadStrategy: normal, platform: MAC, platformName: MAC, proxy: Proxy(), setWindowRect: true, strictFileInteractability: false, timeouts: {implicit: 0, pageLoad: 300000, script: 30000}, unhandledPromptBehavior: dismiss and notify, webauthn:extension:credBlob: true, webauthn:extension:largeBlob: true, webauthn:virtualAuthenticators: true}
Session ID: 9b4be4c7a5d53e0c63e09862a4e3c87e
	at sun.reflect.NativeConstructorAccessorImpl.newInstance0(Native Method)
	at sun.reflect.NativeConstructorAccessorImpl.newInstance(NativeConstructorAccessorImpl.java:62)
	at sun.reflect.DelegatingConstructorAccessorImpl.newInstance(DelegatingConstructorAccessorImpl.java:45)
	at java.lang.reflect.Constructor.newInstance(Constructor.java:423)
	at org.openqa.selenium.remote.http.W3CHttpResponseCodec.createException(W3CHttpResponseCodec.java:187)
	at org.openqa.selenium.remote.http.W3CHttpResponseCodec.decode(W3CHttpResponseCodec.java:122)
	at org.openqa.selenium.remote.http.W3CHttpResponseCodec.decode(W3CHttpResponseCodec.java:49)
	at org.openqa.selenium.remote.HttpCommandExecutor.execute(HttpCommandExecutor.java:158)
	at org.openqa.selenium.remote.service.DriverCommandExecutor.execute(DriverCommandExecutor.java:83)
	at org.openqa.selenium.remote.RemoteWebDriver.execute(RemoteWebDriver.java:548)
	at org.openqa.selenium.remote.RemoteWebElement.execute(RemoteWebElement.java:276)
	at org.openqa.selenium.remote.RemoteWebElement.click(RemoteWebElement.java:83)
	at Pages.Web.OrderPage.clickSubmitBtn(OrderPage.java:178)
	at stepFiles.WebSteps.OrderPageSteps.userClickOnButton(OrderPageSteps.java:92)
	at ?.User click on "Weiter zu PayPal" button(src/test/java/FeatureFiles/WebTest/De.feature:36)

    Then User should able to see no fill error for email    # OrderPageSteps.userShouldAbleToSeeNoFillErrorForEmail()
]]></system-out>
    <system-err><![CDATA[Starting ChromeDriver 96.0.4664.45 (76e4c1bb2ab4671b8beba3444e61c0f17584b2fc-refs/branch-heads/4664@{#947}) on port 32607
Only local connections are allowed.
Please see https://chromedriver.chromium.org/security-considerations for suggestions on keeping ChromeDriver safe.
ChromeDriver was started successfully.
[1641127254.502][WARNING]: Deprecated chrome option is ignored: useAutomationExtension
[1641127254.502][WARNING]: Deprecated chrome option is ignored: useAutomationExtension
Jan 02, 2022 6:10:55 PM org.openqa.selenium.remote.ProtocolHandshake createSession
INFO: Detected dialect: W3C
]]></system-err>
  </testcase>
  <testcase name="runScenario" classname="runner.WebRunner" time="8.321"/>
  <testcase name="runScenario" classname="runner.WebRunner" time="6.145">
    <failure message="element not interactable&#10;  (Session info: chrome=96.0.4664.110)&#10;Build info: version: &apos;3.13.0&apos;, revision: &apos;2f0d292&apos;, time: &apos;2018-06-25T15:24:21.231Z&apos;&#10;System info: host: &apos;L1123.local&apos;, ip: &apos;fe80:0:0:0:d8:e797:8e2b:ab6%en0&apos;, os.name: &apos;Mac OS X&apos;, os.arch: &apos;x86_64&apos;, os.version: &apos;10.16&apos;, java.version: &apos;1.8.0_275&apos;&#10;Driver info: org.openqa.selenium.chrome.ChromeDriver&#10;Capabilities {acceptInsecureCerts: false, browserName: chrome, browserVersion: 96.0.4664.110, chrome: {chromedriverVersion: 96.0.4664.45 (76e4c1bb2ab46..., userDataDir: /var/folders/cq/kq1r5w9s3l1...}, goog:chromeOptions: {debuggerAddress: localhost:62618}, javascriptEnabled: true, networkConnectionEnabled: false, pageLoadStrategy: normal, platform: MAC, platformName: MAC, proxy: Proxy(), setWindowRect: true, strictFileInteractability: false, timeouts: {implicit: 0, pageLoad: 300000, script: 30000}, unhandledPromptBehavior: dismiss and notify, webauthn:extension:credBlob: true, webauthn:extension:largeBlob: true, webauthn:virtualAuthenticators: true}&#10;Session ID: 6ecb70de7cb273b3c85ed278c3f0e3ed" type="org.openqa.selenium.ElementNotInteractableException">org.openqa.selenium.ElementNotInteractableException: 
element not interactable
  (Session info: chrome=96.0.4664.110)
Build info: version: '3.13.0', revision: '2f0d292', time: '2018-06-25T15:24:21.231Z'
System info: host: 'L1123.local', ip: 'fe80:0:0:0:d8:e797:8e2b:ab6%en0', os.name: 'Mac OS X', os.arch: 'x86_64', os.version: '10.16', java.version: '1.8.0_275'
Driver info: org.openqa.selenium.chrome.ChromeDriver
Capabilities {acceptInsecureCerts: false, browserName: chrome, browserVersion: 96.0.4664.110, chrome: {chromedriverVersion: 96.0.4664.45 (76e4c1bb2ab46..., userDataDir: /var/folders/cq/kq1r5w9s3l1...}, goog:chromeOptions: {debuggerAddress: localhost:62618}, javascriptEnabled: true, networkConnectionEnabled: false, pageLoadStrategy: normal, platform: MAC, platformName: MAC, proxy: Proxy(), setWindowRect: true, strictFileInteractability: false, timeouts: {implicit: 0, pageLoad: 300000, script: 30000}, unhandledPromptBehavior: dismiss and notify, webauthn:extension:credBlob: true, webauthn:extension:largeBlob: true, webauthn:virtualAuthenticators: true}
Session ID: 6ecb70de7cb273b3c85ed278c3f0e3ed
</failure>
    <system-out><![CDATA[
  Background:                                     # src/test/java/FeatureFiles/WebTest/De.feature:3
    Given User open order page with "de" Language # PreconditionSteps.userShouldBeOnHomePageWithLanguage(String)

  Scenario: Verify no fill Validation message for Other                    # src/test/java/FeatureFiles/WebTest/De.feature:46
    When User scroll down the page to "Oder bezahlen Sie mit" payment type # OrderPageSteps.userScrollDownThePageToPaymentType(String)
    When User select "Oder bezahlen Sie mit" payment type                  # OrderPageSteps.userSelectPaymentType(String)
    Then User should able to see "Weiter zu Paymentwall" button            # OrderPageSteps.userShouldAbleToSeeButton(String)
    When User click on "Weiter zu Paymentwall" button                      # OrderPageSteps.userClickOnButton(String)
      org.openqa.selenium.ElementNotInteractableException: element not interactable
  (Session info: chrome=96.0.4664.110)
Build info: version: '3.13.0', revision: '2f0d292', time: '2018-06-25T15:24:21.231Z'
System info: host: 'L1123.local', ip: 'fe80:0:0:0:d8:e797:8e2b:ab6%en0', os.name: 'Mac OS X', os.arch: 'x86_64', os.version: '10.16', java.version: '1.8.0_275'
Driver info: org.openqa.selenium.chrome.ChromeDriver
Capabilities {acceptInsecureCerts: false, browserName: chrome, browserVersion: 96.0.4664.110, chrome: {chromedriverVersion: 96.0.4664.45 (76e4c1bb2ab46..., userDataDir: /var/folders/cq/kq1r5w9s3l1...}, goog:chromeOptions: {debuggerAddress: localhost:62618}, javascriptEnabled: true, networkConnectionEnabled: false, pageLoadStrategy: normal, platform: MAC, platformName: MAC, proxy: Proxy(), setWindowRect: true, strictFileInteractability: false, timeouts: {implicit: 0, pageLoad: 300000, script: 30000}, unhandledPromptBehavior: dismiss and notify, webauthn:extension:credBlob: true, webauthn:extension:largeBlob: true, webauthn:virtualAuthenticators: true}
Session ID: 6ecb70de7cb273b3c85ed278c3f0e3ed
	at sun.reflect.NativeConstructorAccessorImpl.newInstance0(Native Method)
	at sun.reflect.NativeConstructorAccessorImpl.newInstance(NativeConstructorAccessorImpl.java:62)
	at sun.reflect.DelegatingConstructorAccessorImpl.newInstance(DelegatingConstructorAccessorImpl.java:45)
	at java.lang.reflect.Constructor.newInstance(Constructor.java:423)
	at org.openqa.selenium.remote.http.W3CHttpResponseCodec.createException(W3CHttpResponseCodec.java:187)
	at org.openqa.selenium.remote.http.W3CHttpResponseCodec.decode(W3CHttpResponseCodec.java:122)
	at org.openqa.selenium.remote.http.W3CHttpResponseCodec.decode(W3CHttpResponseCodec.java:49)
	at org.openqa.selenium.remote.HttpCommandExecutor.execute(HttpCommandExecutor.java:158)
	at org.openqa.selenium.remote.service.DriverCommandExecutor.execute(DriverCommandExecutor.java:83)
	at org.openqa.selenium.remote.RemoteWebDriver.execute(RemoteWebDriver.java:548)
	at org.openqa.selenium.remote.RemoteWebElement.execute(RemoteWebElement.java:276)
	at org.openqa.selenium.remote.RemoteWebElement.click(RemoteWebElement.java:83)
	at Pages.Web.OrderPage.clickSubmitBtn(OrderPage.java:178)
	at stepFiles.WebSteps.OrderPageSteps.userClickOnButton(OrderPageSteps.java:92)
	at ?.User click on "Weiter zu Paymentwall" button(src/test/java/FeatureFiles/WebTest/De.feature:50)

    Then User should able to see no fill error for email                   # OrderPageSteps.userShouldAbleToSeeNoFillErrorForEmail()
]]></system-out>
    <system-err><![CDATA[Starting ChromeDriver 96.0.4664.45 (76e4c1bb2ab4671b8beba3444e61c0f17584b2fc-refs/branch-heads/4664@{#947}) on port 36130
Only local connections are allowed.
Please see https://chromedriver.chromium.org/security-considerations for suggestions on keeping ChromeDriver safe.
ChromeDriver was started successfully.
[1641127275.536][WARNING]: Deprecated chrome option is ignored: useAutomationExtension
[1641127275.536][WARNING]: Deprecated chrome option is ignored: useAutomationExtension
Jan 02, 2022 6:11:16 PM org.openqa.selenium.remote.ProtocolHandshake createSession
INFO: Detected dialect: W3C
]]></system-err>
  </testcase>
  <testcase name="runScenario" classname="runner.WebRunner" time="6.232">
    <failure message="Error for invalid email is not appearing expected [true] but found [false]" type="java.lang.AssertionError">java.lang.AssertionError: Error for invalid email is not appearing expected [true] but found [false]
</failure>
    <system-out><![CDATA[
  Background:                                     # src/test/java/FeatureFiles/WebTest/De.feature:3
    Given User open order page with "de" Language # PreconditionSteps.userShouldBeOnHomePageWithLanguage(String)

  Scenario: Verify Validation message for invalid values         # src/test/java/FeatureFiles/WebTest/De.feature:53
    When User enter email address as "test"                      # OrderPageSteps.userEnterEmailAddressAs(String)
    Then User should able to error for invalid email address     # OrderPageSteps.userShouldAbleToErrorForInvalidEmailAddress()
      java.lang.AssertionError: Error for invalid email is not appearing expected [true] but found [false]
	at org.testng.Assert.fail(Assert.java:94)
	at org.testng.Assert.failNotEquals(Assert.java:496)
	at org.testng.Assert.assertTrue(Assert.java:42)
	at stepFiles.WebSteps.OrderPageSteps.userShouldAbleToErrorForInvalidEmailAddress(OrderPageSteps.java:112)
	at ?.User should able to error for invalid email address(src/test/java/FeatureFiles/WebTest/De.feature:55)

    When User scroll down the page to "Kreditkarte" payment type # OrderPageSteps.userScrollDownThePageToPaymentType(String)
    When User select "Kreditkarte" payment type                  # OrderPageSteps.userSelectPaymentType(String)
    When User enter credit card number as "12"                   # OrderPageSteps.userEnterCreditCardNumberAs(String)
    When User enter cvv as "12"                                  # OrderPageSteps.userEnterCvvAs(String)
    Then User should able to error for invalid card number       # OrderPageSteps.userShouldAbleToErrorForInvalidCardNumber()
    And User should able to error for invalid cvv                # OrderPageSteps.userShouldAbleToErrorForInvalidCvv()
]]></system-out>
    <system-err><![CDATA[Starting ChromeDriver 96.0.4664.45 (76e4c1bb2ab4671b8beba3444e61c0f17584b2fc-refs/branch-heads/4664@{#947}) on port 18084
Only local connections are allowed.
Please see https://chromedriver.chromium.org/security-considerations for suggestions on keeping ChromeDriver safe.
ChromeDriver was started successfully.
[1641127284.320][WARNING]: Deprecated chrome option is ignored: useAutomationExtension
[1641127284.320][WARNING]: Deprecated chrome option is ignored: useAutomationExtension
Jan 02, 2022 6:11:25 PM org.openqa.selenium.remote.ProtocolHandshake createSession
INFO: Detected dialect: W3C
]]></system-err>
  </testcase>
  <testcase name="runScenario" classname="runner.WebRunner" time="6.683"/>
  <testcase name="runScenario" classname="runner.WebRunner" time="9.286"/>
  <testcase name="runScenario" classname="runner.WebRunner" time="8.845">
    <failure message="Index: 0, Size: 0" type="java.lang.IndexOutOfBoundsException">java.lang.IndexOutOfBoundsException: Index: 0, Size: 0
</failure>
    <system-out><![CDATA[
  Background:                                     # src/test/java/FeatureFiles/WebTest/En.feature:3
    Given User open order page with "en" Language # PreconditionSteps.userShouldBeOnHomePageWithLanguage(String)

  Scenario: Verify no fill Validation message for Credit card                  # src/test/java/FeatureFiles/WebTest/En.feature:24
    When User scroll down the page to "Credit Card" payment type               # OrderPageSteps.userScrollDownThePageToPaymentType(String)
    When User select "Credit Card" payment type                                # OrderPageSteps.userSelectPaymentType(String)
    Then it should open credit card detail fill up form                        # OrderPageSteps.itShouldOpenCreditCardDetailFillUpForm()
      java.lang.IndexOutOfBoundsException: Index: 0, Size: 0
	at java.util.ArrayList.rangeCheck(ArrayList.java:659)
	at java.util.ArrayList.get(ArrayList.java:435)
	at sun.reflect.NativeMethodAccessorImpl.invoke0(Native Method)
	at sun.reflect.NativeMethodAccessorImpl.invoke(NativeMethodAccessorImpl.java:62)
	at sun.reflect.DelegatingMethodAccessorImpl.invoke(DelegatingMethodAccessorImpl.java:43)
	at java.lang.reflect.Method.invoke(Method.java:498)
	at org.openqa.selenium.support.pagefactory.internal.LocatingElementListHandler.invoke(LocatingElementListHandler.java:39)
	at com.sun.proxy.$Proxy17.get(Unknown Source)
	at driverFactory.Web.DriverFactory.isElementListAvailable(DriverFactory.java:40)
	at Pages.Web.OrderPage.isCreditCardFormAppeared(OrderPage.java:168)
	at stepFiles.WebSteps.OrderPageSteps.itShouldOpenCreditCardDetailFillUpForm(OrderPageSteps.java:76)
	at ?.it should open credit card detail fill up form(src/test/java/FeatureFiles/WebTest/En.feature:27)

    When User click on "Join Now" button                                       # OrderPageSteps.userClickOnButton(String)
    Then User should able to see no fill error for email                       # OrderPageSteps.userShouldAbleToSeeNoFillErrorForEmail()
    And User should able to see no fill error for credit card form all details # OrderPageSteps.userShouldAbleToSeeNoFillErrorForCreditCardFormAllDetails()
]]></system-out>
    <system-err><![CDATA[Starting ChromeDriver 96.0.4664.45 (76e4c1bb2ab4671b8beba3444e61c0f17584b2fc-refs/branch-heads/4664@{#947}) on port 15044
Only local connections are allowed.
Please see https://chromedriver.chromium.org/security-considerations for suggestions on keeping ChromeDriver safe.
ChromeDriver was started successfully.
[1641127313.992][WARNING]: Deprecated chrome option is ignored: useAutomationExtension
[1641127313.992][WARNING]: Deprecated chrome option is ignored: useAutomationExtension
Jan 02, 2022 6:11:55 PM org.openqa.selenium.remote.ProtocolHandshake createSession
INFO: Detected dialect: W3C
]]></system-err>
  </testcase>
  <testcase name="runScenario" classname="runner.WebRunner" time="7.703"/>
  <testcase name="runScenario" classname="runner.WebRunner" time="6.846"/>
  <testcase name="runScenario" classname="runner.WebRunner" time="7.344"/>
  <testcase name="runScenario" classname="runner.WebRunner" time="6.078">
    <failure message="element not interactable&#10;  (Session info: chrome=96.0.4664.110)&#10;Build info: version: &apos;3.13.0&apos;, revision: &apos;2f0d292&apos;, time: &apos;2018-06-25T15:24:21.231Z&apos;&#10;System info: host: &apos;L1123.local&apos;, ip: &apos;fe80:0:0:0:d8:e797:8e2b:ab6%en0&apos;, os.name: &apos;Mac OS X&apos;, os.arch: &apos;x86_64&apos;, os.version: &apos;10.16&apos;, java.version: &apos;1.8.0_275&apos;&#10;Driver info: org.openqa.selenium.chrome.ChromeDriver&#10;Capabilities {acceptInsecureCerts: false, browserName: chrome, browserVersion: 96.0.4664.110, chrome: {chromedriverVersion: 96.0.4664.45 (76e4c1bb2ab46..., userDataDir: /var/folders/cq/kq1r5w9s3l1...}, goog:chromeOptions: {debuggerAddress: localhost:63048}, javascriptEnabled: true, networkConnectionEnabled: false, pageLoadStrategy: normal, platform: MAC, platformName: MAC, proxy: Proxy(), setWindowRect: true, strictFileInteractability: false, timeouts: {implicit: 0, pageLoad: 300000, script: 30000}, unhandledPromptBehavior: dismiss and notify, webauthn:extension:credBlob: true, webauthn:extension:largeBlob: true, webauthn:virtualAuthenticators: true}&#10;Session ID: f485b2a33cc90cbbfb5d2d3a72880bd5" type="org.openqa.selenium.ElementNotInteractableException">org.openqa.selenium.ElementNotInteractableException: 
element not interactable
  (Session info: chrome=96.0.4664.110)
Build info: version: '3.13.0', revision: '2f0d292', time: '2018-06-25T15:24:21.231Z'
System info: host: 'L1123.local', ip: 'fe80:0:0:0:d8:e797:8e2b:ab6%en0', os.name: 'Mac OS X', os.arch: 'x86_64', os.version: '10.16', java.version: '1.8.0_275'
Driver info: org.openqa.selenium.chrome.ChromeDriver
Capabilities {acceptInsecureCerts: false, browserName: chrome, browserVersion: 96.0.4664.110, chrome: {chromedriverVersion: 96.0.4664.45 (76e4c1bb2ab46..., userDataDir: /var/folders/cq/kq1r5w9s3l1...}, goog:chromeOptions: {debuggerAddress: localhost:63048}, javascriptEnabled: true, networkConnectionEnabled: false, pageLoadStrategy: normal, platform: MAC, platformName: MAC, proxy: Proxy(), setWindowRect: true, strictFileInteractability: false, timeouts: {implicit: 0, pageLoad: 300000, script: 30000}, unhandledPromptBehavior: dismiss and notify, webauthn:extension:credBlob: true, webauthn:extension:largeBlob: true, webauthn:virtualAuthenticators: true}
Session ID: f485b2a33cc90cbbfb5d2d3a72880bd5
</failure>
    <system-out><![CDATA[
  Background:                                     # src/test/java/FeatureFiles/WebTest/En.feature:3
    Given User open order page with "en" Language # PreconditionSteps.userShouldBeOnHomePageWithLanguage(String)

  Scenario: Verify Validation message for invalid values         # src/test/java/FeatureFiles/WebTest/En.feature:53
    When User enter email address as "test"                      # OrderPageSteps.userEnterEmailAddressAs(String)
    Then User should able to error for invalid email address     # OrderPageSteps.userShouldAbleToErrorForInvalidEmailAddress()
    When User scroll down the page to "Credit Card" payment type # OrderPageSteps.userScrollDownThePageToPaymentType(String)
    When User select "Credit Card" payment type                  # OrderPageSteps.userSelectPaymentType(String)
    When User enter credit card number as "12"                   # OrderPageSteps.userEnterCreditCardNumberAs(String)
      org.openqa.selenium.ElementNotInteractableException: element not interactable
  (Session info: chrome=96.0.4664.110)
Build info: version: '3.13.0', revision: '2f0d292', time: '2018-06-25T15:24:21.231Z'
System info: host: 'L1123.local', ip: 'fe80:0:0:0:d8:e797:8e2b:ab6%en0', os.name: 'Mac OS X', os.arch: 'x86_64', os.version: '10.16', java.version: '1.8.0_275'
Driver info: org.openqa.selenium.chrome.ChromeDriver
Capabilities {acceptInsecureCerts: false, browserName: chrome, browserVersion: 96.0.4664.110, chrome: {chromedriverVersion: 96.0.4664.45 (76e4c1bb2ab46..., userDataDir: /var/folders/cq/kq1r5w9s3l1...}, goog:chromeOptions: {debuggerAddress: localhost:63048}, javascriptEnabled: true, networkConnectionEnabled: false, pageLoadStrategy: normal, platform: MAC, platformName: MAC, proxy: Proxy(), setWindowRect: true, strictFileInteractability: false, timeouts: {implicit: 0, pageLoad: 300000, script: 30000}, unhandledPromptBehavior: dismiss and notify, webauthn:extension:credBlob: true, webauthn:extension:largeBlob: true, webauthn:virtualAuthenticators: true}
Session ID: f485b2a33cc90cbbfb5d2d3a72880bd5
	at sun.reflect.NativeConstructorAccessorImpl.newInstance0(Native Method)
	at sun.reflect.NativeConstructorAccessorImpl.newInstance(NativeConstructorAccessorImpl.java:62)
	at sun.reflect.DelegatingConstructorAccessorImpl.newInstance(DelegatingConstructorAccessorImpl.java:45)
	at java.lang.reflect.Constructor.newInstance(Constructor.java:423)
	at org.openqa.selenium.remote.http.W3CHttpResponseCodec.createException(W3CHttpResponseCodec.java:187)
	at org.openqa.selenium.remote.http.W3CHttpResponseCodec.decode(W3CHttpResponseCodec.java:122)
	at org.openqa.selenium.remote.http.W3CHttpResponseCodec.decode(W3CHttpResponseCodec.java:49)
	at org.openqa.selenium.remote.HttpCommandExecutor.execute(HttpCommandExecutor.java:158)
	at org.openqa.selenium.remote.service.DriverCommandExecutor.execute(DriverCommandExecutor.java:83)
	at org.openqa.selenium.remote.RemoteWebDriver.execute(RemoteWebDriver.java:548)
	at org.openqa.selenium.remote.RemoteWebElement.execute(RemoteWebElement.java:276)
	at org.openqa.selenium.remote.RemoteWebElement.clear(RemoteWebElement.java:118)
	at sun.reflect.NativeMethodAccessorImpl.invoke0(Native Method)
	at sun.reflect.NativeMethodAccessorImpl.invoke(NativeMethodAccessorImpl.java:62)
	at sun.reflect.DelegatingMethodAccessorImpl.invoke(DelegatingMethodAccessorImpl.java:43)
	at java.lang.reflect.Method.invoke(Method.java:498)
	at org.openqa.selenium.support.pagefactory.internal.LocatingElementHandler.invoke(LocatingElementHandler.java:51)
	at com.sun.proxy.$Proxy18.clear(Unknown Source)
	at Pages.Web.OrderPage.enterCreditCardNumber(OrderPage.java:257)
	at stepFiles.WebSteps.OrderPageSteps.userEnterCreditCardNumberAs(OrderPageSteps.java:127)
	at ?.User enter credit card number as "12"(src/test/java/FeatureFiles/WebTest/En.feature:58)

    When User enter cvv as "12"                                  # OrderPageSteps.userEnterCvvAs(String)
    Then User should able to error for invalid card number       # OrderPageSteps.userShouldAbleToErrorForInvalidCardNumber()
    And User should able to error for invalid cvv                # OrderPageSteps.userShouldAbleToErrorForInvalidCvv()
]]></system-out>
    <system-err><![CDATA[Starting ChromeDriver 96.0.4664.45 (76e4c1bb2ab4671b8beba3444e61c0f17584b2fc-refs/branch-heads/4664@{#947}) on port 7045
Only local connections are allowed.
Please see https://chromedriver.chromium.org/security-considerations for suggestions on keeping ChromeDriver safe.
ChromeDriver was started successfully.
[1641127355.221][WARNING]: Deprecated chrome option is ignored: useAutomationExtension
[1641127355.221][WARNING]: Deprecated chrome option is ignored: useAutomationExtension
Jan 02, 2022 6:12:36 PM org.openqa.selenium.remote.ProtocolHandshake createSession
INFO: Detected dialect: W3C
]]></system-err>
  </testcase>
</testsuite>